#
# There is insufficient memory for the Java Runtime Environment to continue.
# Native memory allocation (malloc) failed to allocate 357120 bytes for Chunk::new
# Possible reasons:
#   The system is out of physical RAM or swap space
#   The process is running with CompressedOops enabled, and the Java Heap may be blocking the growth of the native heap
# Possible solutions:
#   Reduce memory load on the system
#   Increase physical memory or swap space
#   Check if swap backing store is full
#   Decrease Java heap size (-Xmx/-Xms)
#   Decrease number of Java threads
#   Decrease Java thread stack sizes (-Xss)
#   Set larger code cache with -XX:ReservedCodeCacheSize=
#   JVM is running with Zero Based Compressed Oops mode in which the Java heap is
#     placed in the first 32GB address space. The Java Heap base address is the
#     maximum limit for the native heap growth. Please use -XX:HeapBaseMinAddress
#     to set the Java Heap base and to place the Java Heap above 32GB virtual address.
# This output file may be truncated or incomplete.
#
#  Out of Memory Error (arena.cpp:184), pid=29720, tid=14936
#
# JRE version: Java(TM) SE Runtime Environment (18.0.1.1+2) (build 18.0.1.1+2-6)
# Java VM: Java HotSpot(TM) 64-Bit Server VM (18.0.1.1+2-6, mixed mode, sharing, tiered, compressed oops, compressed class ptrs, g1 gc, windows-amd64)
# No core dump will be written. Minidumps are not enabled by default on client versions of Windows
#

---------------  S U M M A R Y ------------

Command Line: sn.ept.git.dic2.tp_jpa_ass_niang.FindClientsTest

Host: Intel(R) Core(TM) i7-6820HQ CPU @ 2.70GHz, 8 cores, 15G,  Windows 10 , 64 bit Build 19041 (10.0.19041.2364)
Time: Sun Feb 12 14:02:11 2023 Greenwich Standard Time elapsed time: 1.053331 seconds (0d 0h 0m 1s)

---------------  T H R E A D  ---------------

Current thread (0x0000021b3d7c7710):  JavaThread "C2 CompilerThread0" daemon [_thread_in_native, id=14936, stack(0x000000fb4ed00000,0x000000fb4ee00000)]


Current CompileTask:
C2:   1053  970 % !   4       java.util.concurrent.ConcurrentHashMap::transfer @ 96 (849 bytes)

Stack: [0x000000fb4ed00000,0x000000fb4ee00000]
Native frames: (J=compiled Java code, j=interpreted, Vv=VM code, C=native code)
V  [jvm.dll+0x69887a]
V  [jvm.dll+0x7f38bd]
V  [jvm.dll+0x7f51ce]
V  [jvm.dll+0x7f5883]
V  [jvm.dll+0x25ca3f]
V  [jvm.dll+0xb8c2f]
V  [jvm.dll+0xb8fa5]
V  [jvm.dll+0x385a6b]
V  [jvm.dll+0x34f811]
V  [jvm.dll+0x34ecaa]
V  [jvm.dll+0x22fc21]
V  [jvm.dll+0x22eff1]
V  [jvm.dll+0x1b9cfc]
V  [jvm.dll+0x23e8ca]
V  [jvm.dll+0x23cbb5]
V  [jvm.dll+0x7a5fb1]
V  [jvm.dll+0x7a03ea]
V  [jvm.dll+0x697725]
C  [ucrtbase.dll+0x21bb2]
C  [KERNEL32.DLL+0x17614]
C  [ntdll.dll+0x526a1]


---------------  P R O C E S S  ---------------

Threads class SMR info:
_java_thread_list=0x0000021b41c86f10, length=12, elements={
0x0000021b1af642c0, 0x0000021b3d7a0190, 0x0000021b3d7a0f30, 0x0000021b3d7b53e0,
0x0000021b3d7b5d80, 0x0000021b3d7ba780, 0x0000021b3d7c3270, 0x0000021b3d7c7710,
0x0000021b3d7c9010, 0x0000021b3d7cd920, 0x0000021b41ca2d50, 0x0000021b41ca74a0
}

Java Threads: ( => current thread )
  0x0000021b1af642c0 JavaThread "main" [_thread_in_vm, id=20700, stack(0x000000fb4e000000,0x000000fb4e100000)]
  0x0000021b3d7a0190 JavaThread "Reference Handler" daemon [_thread_blocked, id=15400, stack(0x000000fb4e700000,0x000000fb4e800000)]
  0x0000021b3d7a0f30 JavaThread "Finalizer" daemon [_thread_blocked, id=28004, stack(0x000000fb4e800000,0x000000fb4e900000)]
  0x0000021b3d7b53e0 JavaThread "Signal Dispatcher" daemon [_thread_blocked, id=14928, stack(0x000000fb4e900000,0x000000fb4ea00000)]
  0x0000021b3d7b5d80 JavaThread "Attach Listener" daemon [_thread_blocked, id=21908, stack(0x000000fb4ea00000,0x000000fb4eb00000)]
  0x0000021b3d7ba780 JavaThread "Service Thread" daemon [_thread_blocked, id=19752, stack(0x000000fb4eb00000,0x000000fb4ec00000)]
  0x0000021b3d7c3270 JavaThread "Monitor Deflation Thread" daemon [_thread_blocked, id=10336, stack(0x000000fb4ec00000,0x000000fb4ed00000)]
=>0x0000021b3d7c7710 JavaThread "C2 CompilerThread0" daemon [_thread_in_native, id=14936, stack(0x000000fb4ed00000,0x000000fb4ee00000)]
  0x0000021b3d7c9010 JavaThread "C1 CompilerThread0" daemon [_thread_blocked, id=5848, stack(0x000000fb4ee00000,0x000000fb4ef00000)]
  0x0000021b3d7cd920 JavaThread "Sweeper thread" daemon [_thread_blocked, id=1584, stack(0x000000fb4ef00000,0x000000fb4f000000)]
  0x0000021b41ca2d50 JavaThread "Notification Thread" daemon [_thread_blocked, id=7796, stack(0x000000fb4f000000,0x000000fb4f100000)]
  0x0000021b41ca74a0 JavaThread "Common-Cleaner" daemon [_thread_blocked, id=23036, stack(0x000000fb4f200000,0x000000fb4f300000)]

Other Threads:
  0x0000021b3d79d190 VMThread "VM Thread" [stack: 0x000000fb4e600000,0x000000fb4e700000] [id=30252]
  0x0000021b41ca7230 WatcherThread "VM Periodic Task Thread" [stack: 0x000000fb4f100000,0x000000fb4f200000] [id=16624]
  0x0000021b1afd39b0 WorkerThread "GC Thread#0" [stack: 0x000000fb4e100000,0x000000fb4e200000] [id=20936]
  0x0000021b422351e0 WorkerThread "GC Thread#1" [stack: 0x000000fb4f300000,0x000000fb4f400000] [id=4392]
  0x0000021b4223b520 WorkerThread "GC Thread#2" [stack: 0x000000fb4f400000,0x000000fb4f500000] [id=25276]
  0x0000021b4223b7c0 WorkerThread "GC Thread#3" [stack: 0x000000fb4f500000,0x000000fb4f600000] [id=7944]
  0x0000021b4223ba60 WorkerThread "GC Thread#4" [stack: 0x000000fb4f600000,0x000000fb4f700000] [id=28620]
  0x0000021b4243aea0 WorkerThread "GC Thread#5" [stack: 0x000000fb4f700000,0x000000fb4f800000] [id=27356]
  0x0000021b1afe4640 ConcurrentGCThread "G1 Main Marker" [stack: 0x000000fb4e200000,0x000000fb4e300000] [id=16100]
  0x0000021b1afe6f40 WorkerThread "G1 Conc#0" [stack: 0x000000fb4e300000,0x000000fb4e400000] [id=13276]
  0x0000021b1b02dc80 ConcurrentGCThread "G1 Refine#0" [stack: 0x000000fb4e400000,0x000000fb4e500000] [id=16636]
  0x0000021b1b02e590 ConcurrentGCThread "G1 Service" [stack: 0x000000fb4e500000,0x000000fb4e600000] [id=30352]

Threads with active compile tasks:
C2 CompilerThread0     1100  970 % !   4       java.util.concurrent.ConcurrentHashMap::transfer @ 96 (849 bytes)

VM state: not at safepoint (normal execution)

VM Mutex/Monitor currently owned by a thread:  ([mutex/lock_event])
[0x0000021b1af5eb30] Metaspace_lock - owner thread: 0x0000021b1af642c0

Heap address: 0x000000070a400000, size: 3932 MB, Compressed Oops mode: Zero based, Oop shift amount: 3

CDS archive(s) mapped at: [0x0000000800000000-0x0000000800ba0000-0x0000000800ba0000), size 12189696, SharedBaseAddress: 0x0000000800000000, ArchiveRelocationMode: 0.
Compressed class space mapped at: 0x0000000800c00000-0x0000000840c00000, reserved size: 1073741824
Narrow klass base: 0x0000000800000000, Narrow klass shift: 0, Narrow klass range: 0x100000000

GC Precious Log:
 CardTable entry size: 512
 Card Set container configuration: InlinePtr #cards 4 size 8 Array Of Cards #cards 16 size 48 Howl #buckets 8 coarsen threshold 3686 Howl Bitmap #cards 512 size 80 coarsen threshold 460 Card regions per heap region 1 cards per card region 4096
 CPUs: 8 total, 8 available
 Memory: 15727M
 Large Page Support: Disabled
 NUMA Support: Disabled
 Compressed Oops: Enabled (Zero based)
 Heap Region Size: 2M
 Heap Min Capacity: 8M
 Heap Initial Capacity: 246M
 Heap Max Capacity: 3932M
 Pre-touch: Disabled
 Parallel Workers: 8
 Concurrent Workers: 2
 Concurrent Refinement Workers: 8
 Periodic GC: Disabled

Heap:
 garbage-first heap   total 251904K, used 13260K [0x000000070a400000, 0x0000000800000000)
  region size 2048K, 8 young (16384K), 2 survivors (4096K)
 Metaspace       used 11753K, committed 11904K, reserved 1114112K
  class space    used 1346K, committed 1408K, reserved 1048576K

Heap Regions: E=young(eden), S=young(survivor), O=old, HS=humongous(starts), HC=humongous(continues), CS=collection set, F=free, OA=open archive, CA=closed archive, TAMS=top-at-mark-start (previous, next)
|   0|0x000000070a400000, 0x000000070a400000, 0x000000070a600000|  0%| F|  |TAMS 0x000000070a400000, 0x000000070a400000| Untracked 
|   1|0x000000070a600000, 0x000000070a600000, 0x000000070a800000|  0%| F|  |TAMS 0x000000070a600000, 0x000000070a600000| Untracked 
|   2|0x000000070a800000, 0x000000070a800000, 0x000000070aa00000|  0%| F|  |TAMS 0x000000070a800000, 0x000000070a800000| Untracked 
|   3|0x000000070aa00000, 0x000000070aa00000, 0x000000070ac00000|  0%| F|  |TAMS 0x000000070aa00000, 0x000000070aa00000| Untracked 
|   4|0x000000070ac00000, 0x000000070ac00000, 0x000000070ae00000|  0%| F|  |TAMS 0x000000070ac00000, 0x000000070ac00000| Untracked 
|   5|0x000000070ae00000, 0x000000070ae00000, 0x000000070b000000|  0%| F|  |TAMS 0x000000070ae00000, 0x000000070ae00000| Untracked 
|   6|0x000000070b000000, 0x000000070b000000, 0x000000070b200000|  0%| F|  |TAMS 0x000000070b000000, 0x000000070b000000| Untracked 
|   7|0x000000070b200000, 0x000000070b200000, 0x000000070b400000|  0%| F|  |TAMS 0x000000070b200000, 0x000000070b200000| Untracked 
|   8|0x000000070b400000, 0x000000070b400000, 0x000000070b600000|  0%| F|  |TAMS 0x000000070b400000, 0x000000070b400000| Untracked 
|   9|0x000000070b600000, 0x000000070b600000, 0x000000070b800000|  0%| F|  |TAMS 0x000000070b600000, 0x000000070b600000| Untracked 
|  10|0x000000070b800000, 0x000000070b800000, 0x000000070ba00000|  0%| F|  |TAMS 0x000000070b800000, 0x000000070b800000| Untracked 
|  11|0x000000070ba00000, 0x000000070ba00000, 0x000000070bc00000|  0%| F|  |TAMS 0x000000070ba00000, 0x000000070ba00000| Untracked 
|  12|0x000000070bc00000, 0x000000070bc00000, 0x000000070be00000|  0%| F|  |TAMS 0x000000070bc00000, 0x000000070bc00000| Untracked 
|  13|0x000000070be00000, 0x000000070be00000, 0x000000070c000000|  0%| F|  |TAMS 0x000000070be00000, 0x000000070be00000| Untracked 
|  14|0x000000070c000000, 0x000000070c000000, 0x000000070c200000|  0%| F|  |TAMS 0x000000070c000000, 0x000000070c000000| Untracked 
|  15|0x000000070c200000, 0x000000070c200000, 0x000000070c400000|  0%| F|  |TAMS 0x000000070c200000, 0x000000070c200000| Untracked 
|  16|0x000000070c400000, 0x000000070c400000, 0x000000070c600000|  0%| F|  |TAMS 0x000000070c400000, 0x000000070c400000| Untracked 
|  17|0x000000070c600000, 0x000000070c600000, 0x000000070c800000|  0%| F|  |TAMS 0x000000070c600000, 0x000000070c600000| Untracked 
|  18|0x000000070c800000, 0x000000070c800000, 0x000000070ca00000|  0%| F|  |TAMS 0x000000070c800000, 0x000000070c800000| Untracked 
|  19|0x000000070ca00000, 0x000000070ca00000, 0x000000070cc00000|  0%| F|  |TAMS 0x000000070ca00000, 0x000000070ca00000| Untracked 
|  20|0x000000070cc00000, 0x000000070cc00000, 0x000000070ce00000|  0%| F|  |TAMS 0x000000070cc00000, 0x000000070cc00000| Untracked 
|  21|0x000000070ce00000, 0x000000070ce00000, 0x000000070d000000|  0%| F|  |TAMS 0x000000070ce00000, 0x000000070ce00000| Untracked 
|  22|0x000000070d000000, 0x000000070d000000, 0x000000070d200000|  0%| F|  |TAMS 0x000000070d000000, 0x000000070d000000| Untracked 
|  23|0x000000070d200000, 0x000000070d200000, 0x000000070d400000|  0%| F|  |TAMS 0x000000070d200000, 0x000000070d200000| Untracked 
|  24|0x000000070d400000, 0x000000070d400000, 0x000000070d600000|  0%| F|  |TAMS 0x000000070d400000, 0x000000070d400000| Untracked 
|  25|0x000000070d600000, 0x000000070d600000, 0x000000070d800000|  0%| F|  |TAMS 0x000000070d600000, 0x000000070d600000| Untracked 
|  26|0x000000070d800000, 0x000000070d800000, 0x000000070da00000|  0%| F|  |TAMS 0x000000070d800000, 0x000000070d800000| Untracked 
|  27|0x000000070da00000, 0x000000070da00000, 0x000000070dc00000|  0%| F|  |TAMS 0x000000070da00000, 0x000000070da00000| Untracked 
|  28|0x000000070dc00000, 0x000000070dc00000, 0x000000070de00000|  0%| F|  |TAMS 0x000000070dc00000, 0x000000070dc00000| Untracked 
|  29|0x000000070de00000, 0x000000070de00000, 0x000000070e000000|  0%| F|  |TAMS 0x000000070de00000, 0x000000070de00000| Untracked 
|  30|0x000000070e000000, 0x000000070e000000, 0x000000070e200000|  0%| F|  |TAMS 0x000000070e000000, 0x000000070e000000| Untracked 
|  31|0x000000070e200000, 0x000000070e200000, 0x000000070e400000|  0%| F|  |TAMS 0x000000070e200000, 0x000000070e200000| Untracked 
|  32|0x000000070e400000, 0x000000070e400000, 0x000000070e600000|  0%| F|  |TAMS 0x000000070e400000, 0x000000070e400000| Untracked 
|  33|0x000000070e600000, 0x000000070e600000, 0x000000070e800000|  0%| F|  |TAMS 0x000000070e600000, 0x000000070e600000| Untracked 
|  34|0x000000070e800000, 0x000000070e800000, 0x000000070ea00000|  0%| F|  |TAMS 0x000000070e800000, 0x000000070e800000| Untracked 
|  35|0x000000070ea00000, 0x000000070ea00000, 0x000000070ec00000|  0%| F|  |TAMS 0x000000070ea00000, 0x000000070ea00000| Untracked 
|  36|0x000000070ec00000, 0x000000070ec00000, 0x000000070ee00000|  0%| F|  |TAMS 0x000000070ec00000, 0x000000070ec00000| Untracked 
|  37|0x000000070ee00000, 0x000000070ee00000, 0x000000070f000000|  0%| F|  |TAMS 0x000000070ee00000, 0x000000070ee00000| Untracked 
|  38|0x000000070f000000, 0x000000070f000000, 0x000000070f200000|  0%| F|  |TAMS 0x000000070f000000, 0x000000070f000000| Untracked 
|  39|0x000000070f200000, 0x000000070f200000, 0x000000070f400000|  0%| F|  |TAMS 0x000000070f200000, 0x000000070f200000| Untracked 
|  40|0x000000070f400000, 0x000000070f400000, 0x000000070f600000|  0%| F|  |TAMS 0x000000070f400000, 0x000000070f400000| Untracked 
|  41|0x000000070f600000, 0x000000070f600000, 0x000000070f800000|  0%| F|  |TAMS 0x000000070f600000, 0x000000070f600000| Untracked 
|  42|0x000000070f800000, 0x000000070f800000, 0x000000070fa00000|  0%| F|  |TAMS 0x000000070f800000, 0x000000070f800000| Untracked 
|  43|0x000000070fa00000, 0x000000070fa00000, 0x000000070fc00000|  0%| F|  |TAMS 0x000000070fa00000, 0x000000070fa00000| Untracked 
|  44|0x000000070fc00000, 0x000000070fc00000, 0x000000070fe00000|  0%| F|  |TAMS 0x000000070fc00000, 0x000000070fc00000| Untracked 
|  45|0x000000070fe00000, 0x000000070fe00000, 0x0000000710000000|  0%| F|  |TAMS 0x000000070fe00000, 0x000000070fe00000| Untracked 
|  46|0x0000000710000000, 0x0000000710000000, 0x0000000710200000|  0%| F|  |TAMS 0x0000000710000000, 0x0000000710000000| Untracked 
|  47|0x0000000710200000, 0x0000000710200000, 0x0000000710400000|  0%| F|  |TAMS 0x0000000710200000, 0x0000000710200000| Untracked 
|  48|0x0000000710400000, 0x0000000710400000, 0x0000000710600000|  0%| F|  |TAMS 0x0000000710400000, 0x0000000710400000| Untracked 
|  49|0x0000000710600000, 0x0000000710600000, 0x0000000710800000|  0%| F|  |TAMS 0x0000000710600000, 0x0000000710600000| Untracked 
|  50|0x0000000710800000, 0x0000000710800000, 0x0000000710a00000|  0%| F|  |TAMS 0x0000000710800000, 0x0000000710800000| Untracked 
|  51|0x0000000710a00000, 0x0000000710a00000, 0x0000000710c00000|  0%| F|  |TAMS 0x0000000710a00000, 0x0000000710a00000| Untracked 
|  52|0x0000000710c00000, 0x0000000710c00000, 0x0000000710e00000|  0%| F|  |TAMS 0x0000000710c00000, 0x0000000710c00000| Untracked 
|  53|0x0000000710e00000, 0x0000000710e00000, 0x0000000711000000|  0%| F|  |TAMS 0x0000000710e00000, 0x0000000710e00000| Untracked 
|  54|0x0000000711000000, 0x0000000711000000, 0x0000000711200000|  0%| F|  |TAMS 0x0000000711000000, 0x0000000711000000| Untracked 
|  55|0x0000000711200000, 0x0000000711200000, 0x0000000711400000|  0%| F|  |TAMS 0x0000000711200000, 0x0000000711200000| Untracked 
|  56|0x0000000711400000, 0x0000000711400000, 0x0000000711600000|  0%| F|  |TAMS 0x0000000711400000, 0x0000000711400000| Untracked 
|  57|0x0000000711600000, 0x0000000711600000, 0x0000000711800000|  0%| F|  |TAMS 0x0000000711600000, 0x0000000711600000| Untracked 
|  58|0x0000000711800000, 0x0000000711800000, 0x0000000711a00000|  0%| F|  |TAMS 0x0000000711800000, 0x0000000711800000| Untracked 
|  59|0x0000000711a00000, 0x0000000711a00000, 0x0000000711c00000|  0%| F|  |TAMS 0x0000000711a00000, 0x0000000711a00000| Untracked 
|  60|0x0000000711c00000, 0x0000000711c00000, 0x0000000711e00000|  0%| F|  |TAMS 0x0000000711c00000, 0x0000000711c00000| Untracked 
|  61|0x0000000711e00000, 0x0000000711e00000, 0x0000000712000000|  0%| F|  |TAMS 0x0000000711e00000, 0x0000000711e00000| Untracked 
|  62|0x0000000712000000, 0x0000000712000000, 0x0000000712200000|  0%| F|  |TAMS 0x0000000712000000, 0x0000000712000000| Untracked 
|  63|0x0000000712200000, 0x0000000712200000, 0x0000000712400000|  0%| F|  |TAMS 0x0000000712200000, 0x0000000712200000| Untracked 
|  64|0x0000000712400000, 0x0000000712400000, 0x0000000712600000|  0%| F|  |TAMS 0x0000000712400000, 0x0000000712400000| Untracked 
|  65|0x0000000712600000, 0x0000000712600000, 0x0000000712800000|  0%| F|  |TAMS 0x0000000712600000, 0x0000000712600000| Untracked 
|  66|0x0000000712800000, 0x0000000712800000, 0x0000000712a00000|  0%| F|  |TAMS 0x0000000712800000, 0x0000000712800000| Untracked 
|  67|0x0000000712a00000, 0x0000000712a00000, 0x0000000712c00000|  0%| F|  |TAMS 0x0000000712a00000, 0x0000000712a00000| Untracked 
|  68|0x0000000712c00000, 0x0000000712c00000, 0x0000000712e00000|  0%| F|  |TAMS 0x0000000712c00000, 0x0000000712c00000| Untracked 
|  69|0x0000000712e00000, 0x0000000712e00000, 0x0000000713000000|  0%| F|  |TAMS 0x0000000712e00000, 0x0000000712e00000| Untracked 
|  70|0x0000000713000000, 0x0000000713000000, 0x0000000713200000|  0%| F|  |TAMS 0x0000000713000000, 0x0000000713000000| Untracked 
|  71|0x0000000713200000, 0x0000000713200000, 0x0000000713400000|  0%| F|  |TAMS 0x0000000713200000, 0x0000000713200000| Untracked 
|  72|0x0000000713400000, 0x0000000713400000, 0x0000000713600000|  0%| F|  |TAMS 0x0000000713400000, 0x0000000713400000| Untracked 
|  73|0x0000000713600000, 0x0000000713600000, 0x0000000713800000|  0%| F|  |TAMS 0x0000000713600000, 0x0000000713600000| Untracked 
|  74|0x0000000713800000, 0x0000000713800000, 0x0000000713a00000|  0%| F|  |TAMS 0x0000000713800000, 0x0000000713800000| Untracked 
|  75|0x0000000713a00000, 0x0000000713a00000, 0x0000000713c00000|  0%| F|  |TAMS 0x0000000713a00000, 0x0000000713a00000| Untracked 
|  76|0x0000000713c00000, 0x0000000713c00000, 0x0000000713e00000|  0%| F|  |TAMS 0x0000000713c00000, 0x0000000713c00000| Untracked 
|  77|0x0000000713e00000, 0x0000000713e00000, 0x0000000714000000|  0%| F|  |TAMS 0x0000000713e00000, 0x0000000713e00000| Untracked 
|  78|0x0000000714000000, 0x0000000714000000, 0x0000000714200000|  0%| F|  |TAMS 0x0000000714000000, 0x0000000714000000| Untracked 
|  79|0x0000000714200000, 0x0000000714200000, 0x0000000714400000|  0%| F|  |TAMS 0x0000000714200000, 0x0000000714200000| Untracked 
|  80|0x0000000714400000, 0x0000000714400000, 0x0000000714600000|  0%| F|  |TAMS 0x0000000714400000, 0x0000000714400000| Untracked 
|  81|0x0000000714600000, 0x0000000714600000, 0x0000000714800000|  0%| F|  |TAMS 0x0000000714600000, 0x0000000714600000| Untracked 
|  82|0x0000000714800000, 0x0000000714800000, 0x0000000714a00000|  0%| F|  |TAMS 0x0000000714800000, 0x0000000714800000| Untracked 
|  83|0x0000000714a00000, 0x0000000714a00000, 0x0000000714c00000|  0%| F|  |TAMS 0x0000000714a00000, 0x0000000714a00000| Untracked 
|  84|0x0000000714c00000, 0x0000000714c00000, 0x0000000714e00000|  0%| F|  |TAMS 0x0000000714c00000, 0x0000000714c00000| Untracked 
|  85|0x0000000714e00000, 0x0000000714e00000, 0x0000000715000000|  0%| F|  |TAMS 0x0000000714e00000, 0x0000000714e00000| Untracked 
|  86|0x0000000715000000, 0x0000000715000000, 0x0000000715200000|  0%| F|  |TAMS 0x0000000715000000, 0x0000000715000000| Untracked 
|  87|0x0000000715200000, 0x0000000715200000, 0x0000000715400000|  0%| F|  |TAMS 0x0000000715200000, 0x0000000715200000| Untracked 
|  88|0x0000000715400000, 0x0000000715400000, 0x0000000715600000|  0%| F|  |TAMS 0x0000000715400000, 0x0000000715400000| Untracked 
|  89|0x0000000715600000, 0x0000000715600000, 0x0000000715800000|  0%| F|  |TAMS 0x0000000715600000, 0x0000000715600000| Untracked 
|  90|0x0000000715800000, 0x0000000715800000, 0x0000000715a00000|  0%| F|  |TAMS 0x0000000715800000, 0x0000000715800000| Untracked 
|  91|0x0000000715a00000, 0x0000000715a00000, 0x0000000715c00000|  0%| F|  |TAMS 0x0000000715a00000, 0x0000000715a00000| Untracked 
|  92|0x0000000715c00000, 0x0000000715c00000, 0x0000000715e00000|  0%| F|  |TAMS 0x0000000715c00000, 0x0000000715c00000| Untracked 
|  93|0x0000000715e00000, 0x0000000715e00000, 0x0000000716000000|  0%| F|  |TAMS 0x0000000715e00000, 0x0000000715e00000| Untracked 
|  94|0x0000000716000000, 0x0000000716000000, 0x0000000716200000|  0%| F|  |TAMS 0x0000000716000000, 0x0000000716000000| Untracked 
|  95|0x0000000716200000, 0x0000000716200000, 0x0000000716400000|  0%| F|  |TAMS 0x0000000716200000, 0x0000000716200000| Untracked 
|  96|0x0000000716400000, 0x0000000716400000, 0x0000000716600000|  0%| F|  |TAMS 0x0000000716400000, 0x0000000716400000| Untracked 
|  97|0x0000000716600000, 0x0000000716600000, 0x0000000716800000|  0%| F|  |TAMS 0x0000000716600000, 0x0000000716600000| Untracked 
|  98|0x0000000716800000, 0x0000000716800000, 0x0000000716a00000|  0%| F|  |TAMS 0x0000000716800000, 0x0000000716800000| Untracked 
|  99|0x0000000716a00000, 0x0000000716a00000, 0x0000000716c00000|  0%| F|  |TAMS 0x0000000716a00000, 0x0000000716a00000| Untracked 
| 100|0x0000000716c00000, 0x0000000716c00000, 0x0000000716e00000|  0%| F|  |TAMS 0x0000000716c00000, 0x0000000716c00000| Untracked 
| 101|0x0000000716e00000, 0x0000000716e00000, 0x0000000717000000|  0%| F|  |TAMS 0x0000000716e00000, 0x0000000716e00000| Untracked 
| 102|0x0000000717000000, 0x0000000717000000, 0x0000000717200000|  0%| F|  |TAMS 0x0000000717000000, 0x0000000717000000| Untracked 
| 103|0x0000000717200000, 0x0000000717200000, 0x0000000717400000|  0%| F|  |TAMS 0x0000000717200000, 0x0000000717200000| Untracked 
| 104|0x0000000717400000, 0x0000000717400000, 0x0000000717600000|  0%| F|  |TAMS 0x0000000717400000, 0x0000000717400000| Untracked 
| 105|0x0000000717600000, 0x0000000717600000, 0x0000000717800000|  0%| F|  |TAMS 0x0000000717600000, 0x0000000717600000| Untracked 
| 106|0x0000000717800000, 0x0000000717800000, 0x0000000717a00000|  0%| F|  |TAMS 0x0000000717800000, 0x0000000717800000| Untracked 
| 107|0x0000000717a00000, 0x0000000717a00000, 0x0000000717c00000|  0%| F|  |TAMS 0x0000000717a00000, 0x0000000717a00000| Untracked 
| 108|0x0000000717c00000, 0x0000000717c00000, 0x0000000717e00000|  0%| F|  |TAMS 0x0000000717c00000, 0x0000000717c00000| Untracked 
| 109|0x0000000717e00000, 0x0000000717e00000, 0x0000000718000000|  0%| F|  |TAMS 0x0000000717e00000, 0x0000000717e00000| Untracked 
| 110|0x0000000718000000, 0x00000007180f32d8, 0x0000000718200000| 47%| S|CS|TAMS 0x0000000718000000, 0x0000000718000000| Complete 
| 111|0x0000000718200000, 0x0000000718400000, 0x0000000718400000|100%| S|CS|TAMS 0x0000000718200000, 0x0000000718200000| Complete 
| 112|0x0000000718400000, 0x0000000718400000, 0x0000000718600000|  0%| F|  |TAMS 0x0000000718400000, 0x0000000718400000| Untracked 
| 113|0x0000000718600000, 0x0000000718600000, 0x0000000718800000|  0%| F|  |TAMS 0x0000000718600000, 0x0000000718600000| Untracked 
| 114|0x0000000718800000, 0x0000000718800000, 0x0000000718a00000|  0%| F|  |TAMS 0x0000000718800000, 0x0000000718800000| Untracked 
| 115|0x0000000718a00000, 0x0000000718a00000, 0x0000000718c00000|  0%| F|  |TAMS 0x0000000718a00000, 0x0000000718a00000| Untracked 
| 116|0x0000000718c00000, 0x0000000718c00000, 0x0000000718e00000|  0%| F|  |TAMS 0x0000000718c00000, 0x0000000718c00000| Untracked 
| 117|0x0000000718e00000, 0x0000000718fc47c0, 0x0000000719000000| 88%| E|  |TAMS 0x0000000718e00000, 0x0000000718e00000| Complete 
| 118|0x0000000719000000, 0x0000000719200000, 0x0000000719200000|100%| E|CS|TAMS 0x0000000719000000, 0x0000000719000000| Complete 
| 119|0x0000000719200000, 0x0000000719400000, 0x0000000719400000|100%| E|CS|TAMS 0x0000000719200000, 0x0000000719200000| Complete 
| 120|0x0000000719400000, 0x0000000719600000, 0x0000000719600000|100%| E|CS|TAMS 0x0000000719400000, 0x0000000719400000| Complete 
| 121|0x0000000719600000, 0x0000000719800000, 0x0000000719800000|100%| E|CS|TAMS 0x0000000719600000, 0x0000000719600000| Complete 
| 122|0x0000000719800000, 0x0000000719a00000, 0x0000000719a00000|100%| E|CS|TAMS 0x0000000719800000, 0x0000000719800000| Complete 

Card table byte_map: [0x0000021b32380000,0x0000021b32b30000] _byte_map_base: 0x0000021b2eb2e000

Marking Bits (Prev, Next): (CMBitMap*) 0x0000021b1afd3fb0, (CMBitMap*) 0x0000021b1afd3ff0
 Prev Bits: [0x0000021b332e0000, 0x0000021b37050000)
 Next Bits: [0x0000021b37050000, 0x0000021b3adc0000)

Polling page: 0x0000021b1a730000

Metaspace:

Usage:
  Non-class:     10.16 MB used.
      Class:      1.31 MB used.
       Both:     11.48 MB used.

Virtual space:
  Non-class space:       64.00 MB reserved,      10.25 MB ( 16%) committed,  1 nodes.
      Class space:        1.00 GB reserved,       1.38 MB ( <1%) committed,  1 nodes.
             Both:        1.06 GB reserved,      11.62 MB (  1%) committed. 

Chunk freelists:
   Non-Class:  432.00 KB
       Class:  2.66 MB
        Both:  3.08 MB

MaxMetaspaceSize: unlimited
CompressedClassSpaceSize: 1.00 GB
Initial GC threshold: 21.00 MB
Current GC threshold: 21.00 MB
CDS: on
MetaspaceReclaimPolicy: balanced
 - commit_granule_bytes: 65536.
 - commit_granule_words: 8192.
 - virtual_space_node_default_size: 8388608.
 - enlarge_chunks_in_place: 1.
 - new_chunks_are_fully_committed: 0.
 - uncommit_free_chunks: 1.
 - use_allocation_guard: 0.


Internal statistics:

num_allocs_failed_limit: 0.
num_arena_births: 52.
num_arena_deaths: 0.
num_vsnodes_births: 2.
num_vsnodes_deaths: 0.
num_space_committed: 186.
num_space_uncommitted: 0.
num_chunks_returned_to_freelist: 0.
num_chunks_taken_from_freelist: 365.
num_chunk_merges: 0.
num_chunk_splits: 310.
num_chunks_enlarged: 279.
num_inconsistent_stats: 0.

CodeHeap 'non-profiled nmethods': size=120000Kb used=295Kb max_used=295Kb free=119704Kb
 bounds [0x0000021b2a370000, 0x0000021b2a5e0000, 0x0000021b318a0000]
CodeHeap 'profiled nmethods': size=120000Kb used=1851Kb max_used=1851Kb free=118148Kb
 bounds [0x0000021b22e40000, 0x0000021b230b0000, 0x0000021b2a370000]
CodeHeap 'non-nmethods': size=5760Kb used=1161Kb max_used=1177Kb free=4598Kb
 bounds [0x0000021b228a0000, 0x0000021b22b10000, 0x0000021b22e40000]
 total_blobs=1426 nmethods=984 adapters=355
 compilation: enabled
              stopped_count=0, restarted_count=0
 full_count=0

Compilation events (20 events):
Event: 1.040 Thread 0x0000021b3d7c9010  975       1       java.security.Provider$Service::getType (5 bytes)
Event: 1.041 Thread 0x0000021b3d7c9010 nmethod 975 0x0000021b2a3b8e90 code [0x0000021b2a3b9020, 0x0000021b2a3b90f8]
Event: 1.041 Thread 0x0000021b3d7c9010  976       1       java.security.Provider$Service::getAlgorithm (5 bytes)
Event: 1.041 Thread 0x0000021b3d7c9010 nmethod 976 0x0000021b2a3b9190 code [0x0000021b2a3b9320, 0x0000021b2a3b93f8]
Event: 1.041 Thread 0x0000021b3d7c9010  977       1       java.security.Provider$Service::getAliases (5 bytes)
Event: 1.041 Thread 0x0000021b3d7c9010 nmethod 977 0x0000021b2a3b9490 code [0x0000021b2a3b9620, 0x0000021b2a3b96f8]
Event: 1.043 Thread 0x0000021b3d7c9010  978       3       java.lang.Integer::valueOf (32 bytes)
Event: 1.044 Thread 0x0000021b3d7c9010 nmethod 978 0x0000021b2300b990 code [0x0000021b2300bb40, 0x0000021b2300be58]
Event: 1.044 Thread 0x0000021b3d7c9010  980       3       java.util.HashMap::putVal (300 bytes)
Event: 1.045 Thread 0x0000021b3d7c9010 nmethod 980 0x0000021b2300bf90 code [0x0000021b2300c240, 0x0000021b2300d4b8]
Event: 1.045 Thread 0x0000021b3d7c9010  981       1       java.lang.Integer::intValue (5 bytes)
Event: 1.045 Thread 0x0000021b3d7c9010 nmethod 981 0x0000021b2a3b9790 code [0x0000021b2a3b9920, 0x0000021b2a3b99f8]
Event: 1.045 Thread 0x0000021b3d7c9010  982       1       sun.security.util.KnownOIDs::value (5 bytes)
Event: 1.045 Thread 0x0000021b3d7c9010 nmethod 982 0x0000021b2a3b9a90 code [0x0000021b2a3b9c20, 0x0000021b2a3b9cf8]
Event: 1.045 Thread 0x0000021b3d7c9010  984       3       java.lang.Integer::hashCode (8 bytes)
Event: 1.046 Thread 0x0000021b3d7c9010 nmethod 984 0x0000021b2300d990 code [0x0000021b2300db20, 0x0000021b2300dc78]
Event: 1.046 Thread 0x0000021b3d7c9010  985       3       java.lang.Integer::hashCode (2 bytes)
Event: 1.046 Thread 0x0000021b3d7c9010 nmethod 985 0x0000021b2300dd10 code [0x0000021b2300dea0, 0x0000021b2300df98]
Event: 1.046 Thread 0x0000021b3d7c9010  986  s    3       java.util.Properties::put (10 bytes)
Event: 1.046 Thread 0x0000021b3d7c9010 nmethod 986 0x0000021b2300e010 code [0x0000021b2300e1c0, 0x0000021b2300e428]

GC Heap History (2 events):
Event: 0.692 GC heap before
{Heap before GC invocations=0 (full 0):
 garbage-first heap   total 251904K, used 22528K [0x000000070a400000, 0x0000000800000000)
  region size 2048K, 11 young (22528K), 0 survivors (0K)
 Metaspace       used 8289K, committed 8448K, reserved 1114112K
  class space    used 804K, committed 896K, reserved 1048576K
}
Event: 0.697 GC heap after
{Heap after GC invocations=1 (full 0):
 garbage-first heap   total 251904K, used 3020K [0x000000070a400000, 0x0000000800000000)
  region size 2048K, 2 young (4096K), 2 survivors (4096K)
 Metaspace       used 8289K, committed 8448K, reserved 1114112K
  class space    used 804K, committed 896K, reserved 1048576K
}

Deoptimization events (20 events):
Event: 1.043 Thread 0x0000021b1af642c0 Uncommon trap: trap_request=0xffffffde fr.pc=0x0000021b2a3a6e58 relative=0x0000000000000318
Event: 1.043 Thread 0x0000021b1af642c0 Uncommon trap: reason=class_check action=maybe_recompile pc=0x0000021b2a3a6e58 method=java.util.HashMap.getNode(Ljava/lang/Object;)Ljava/util/HashMap$Node; @ 128 c2
Event: 1.043 Thread 0x0000021b1af642c0 DEOPT PACKING pc=0x0000021b2a3a6e58 sp=0x000000fb4e0fd680
Event: 1.043 Thread 0x0000021b1af642c0 DEOPT UNPACKING pc=0x0000021b228f23a3 sp=0x000000fb4e0fd588 mode 2
Event: 1.043 Thread 0x0000021b1af642c0 Uncommon trap: trap_request=0xffffffde fr.pc=0x0000021b2a3a6e58 relative=0x0000000000000318
Event: 1.043 Thread 0x0000021b1af642c0 Uncommon trap: reason=class_check action=maybe_recompile pc=0x0000021b2a3a6e58 method=java.util.HashMap.getNode(Ljava/lang/Object;)Ljava/util/HashMap$Node; @ 128 c2
Event: 1.043 Thread 0x0000021b1af642c0 DEOPT PACKING pc=0x0000021b2a3a6e58 sp=0x000000fb4e0fd680
Event: 1.043 Thread 0x0000021b1af642c0 DEOPT UNPACKING pc=0x0000021b228f23a3 sp=0x000000fb4e0fd588 mode 2
Event: 1.043 Thread 0x0000021b1af642c0 Uncommon trap: trap_request=0xffffffde fr.pc=0x0000021b2a3a6e58 relative=0x0000000000000318
Event: 1.043 Thread 0x0000021b1af642c0 Uncommon trap: reason=class_check action=maybe_recompile pc=0x0000021b2a3a6e58 method=java.util.HashMap.getNode(Ljava/lang/Object;)Ljava/util/HashMap$Node; @ 128 c2
Event: 1.043 Thread 0x0000021b1af642c0 DEOPT PACKING pc=0x0000021b2a3a6e58 sp=0x000000fb4e0fd680
Event: 1.043 Thread 0x0000021b1af642c0 DEOPT UNPACKING pc=0x0000021b228f23a3 sp=0x000000fb4e0fd588 mode 2
Event: 1.043 Thread 0x0000021b1af642c0 Uncommon trap: trap_request=0xffffffde fr.pc=0x0000021b2a3a6e58 relative=0x0000000000000318
Event: 1.043 Thread 0x0000021b1af642c0 Uncommon trap: reason=class_check action=maybe_recompile pc=0x0000021b2a3a6e58 method=java.util.HashMap.getNode(Ljava/lang/Object;)Ljava/util/HashMap$Node; @ 128 c2
Event: 1.043 Thread 0x0000021b1af642c0 DEOPT PACKING pc=0x0000021b2a3a6e58 sp=0x000000fb4e0fd680
Event: 1.043 Thread 0x0000021b1af642c0 DEOPT UNPACKING pc=0x0000021b228f23a3 sp=0x000000fb4e0fd588 mode 2
Event: 1.043 Thread 0x0000021b1af642c0 Uncommon trap: trap_request=0xffffffde fr.pc=0x0000021b2a3a5a60 relative=0x0000000000000320
Event: 1.043 Thread 0x0000021b1af642c0 Uncommon trap: reason=class_check action=maybe_recompile pc=0x0000021b2a3a5a60 method=java.util.HashMap.getNode(Ljava/lang/Object;)Ljava/util/HashMap$Node; @ 128 c2
Event: 1.043 Thread 0x0000021b1af642c0 DEOPT PACKING pc=0x0000021b2a3a5a60 sp=0x000000fb4e0fd610
Event: 1.043 Thread 0x0000021b1af642c0 DEOPT UNPACKING pc=0x0000021b228f23a3 sp=0x000000fb4e0fd588 mode 2

Classes loaded (20 events):
Event: 1.038 Loading class sun/security/jca/ProviderConfig$3
Event: 1.038 Loading class sun/security/jca/ProviderConfig$3 done
Event: 1.038 Loading class sun/security/jca/ProviderConfig$ProviderLoader
Event: 1.039 Loading class sun/security/jca/ProviderConfig$ProviderLoader done
Event: 1.040 Loading class java/security/AuthProvider
Event: 1.040 Loading class java/security/AuthProvider done
Event: 1.041 Loading class java/security/ProviderException
Event: 1.041 Loading class java/security/ProviderException done
Event: 1.041 Loading class java/security/InvalidParameterException
Event: 1.041 Loading class java/security/InvalidParameterException done
Event: 1.041 Loading class javax/security/auth/login/LoginException
Event: 1.041 Loading class javax/security/auth/login/LoginException done
Event: 1.041 Loading class javax/security/auth/login/FailedLoginException
Event: 1.041 Loading class javax/security/auth/login/FailedLoginException done
Event: 1.042 Loading class javax/security/auth/Subject
Event: 1.042 Loading class javax/security/auth/Subject done
Event: 1.042 Loading class javax/security/auth/callback/CallbackHandler
Event: 1.042 Loading class javax/security/auth/callback/CallbackHandler done
Event: 1.046 Loading class java/security/NoSuchAlgorithmException
Event: 1.046 Loading class java/security/NoSuchAlgorithmException done

Classes unloaded (0 events):
No events

Classes redefined (0 events):
No events

Internal exceptions (5 events):
Event: 0.512 Thread 0x0000021b1af642c0 Exception <a 'java/lang/NoSuchMethodError'{0x0000000718a12590}: 'java.lang.Object java.lang.invoke.DirectMethodHandle$Holder.invokeStaticInit(java.lang.Object)'> (0x0000000718a12590) 
thrown [s\open\src\hotspot\share\interpreter\linkResolver.cpp, line 766]
Event: 0.513 Thread 0x0000021b1af642c0 Exception <a 'java/lang/NoSuchMethodError'{0x0000000718a18b40}: 'java.lang.Object java.lang.invoke.DirectMethodHandle$Holder.invokeInterface(java.lang.Object, java.lang.Object)'> (0x0000000718a18b40) 
thrown [s\open\src\hotspot\share\interpreter\linkResolver.cpp, line 766]
Event: 0.983 Thread 0x0000021b1af642c0 Exception <a 'java/lang/NoSuchMethodError'{0x0000000718e4ce18}: 'void java.lang.invoke.DirectMethodHandle$Holder.invokeSpecial(java.lang.Object, java.lang.Object, java.lang.Object)'> (0x0000000718e4ce18) 
thrown [s\open\src\hotspot\share\interpreter\linkResolver.cpp, line 766]
Event: 0.984 Thread 0x0000021b1af642c0 Exception <a 'java/lang/NoSuchMethodError'{0x0000000718e54630}: 'void java.lang.invoke.Invokers$Holder.invokeExact_MT(java.lang.Object, java.lang.Object, java.lang.Object)'> (0x0000000718e54630) 
thrown [s\open\src\hotspot\share\interpreter\linkResolver.cpp, line 766]
Event: 1.012 Thread 0x0000021b1af642c0 Exception <a 'java/lang/NoClassDefFoundError'{0x0000000718ee6938}: javax/validation/Validation> (0x0000000718ee6938) 
thrown [s\open\src\hotspot\share\classfile\systemDictionary.cpp, line 244]

VM Operations (10 events):
Event: 0.098 Executing VM operation: HandshakeAllThreads
Event: 0.098 Executing VM operation: HandshakeAllThreads done
Event: 0.328 Executing VM operation: HandshakeAllThreads
Event: 0.328 Executing VM operation: HandshakeAllThreads done
Event: 0.417 Executing VM operation: HandshakeAllThreads
Event: 0.417 Executing VM operation: HandshakeAllThreads done
Event: 0.692 Executing VM operation: G1CollectForAllocation
Event: 0.697 Executing VM operation: G1CollectForAllocation done
Event: 0.872 Executing VM operation: HandshakeAllThreads
Event: 0.872 Executing VM operation: HandshakeAllThreads done

Events (18 events):
Event: 0.008 Loaded shared library C:\Program Files\Java\jdk-18.0.1.1\bin\java.dll
Event: 0.021 Loaded shared library C:\Program Files\Java\jdk-18.0.1.1\bin\jsvml.dll
Event: 0.021 Thread 0x0000021b1af642c0 Thread added: 0x0000021b1af642c0
Event: 0.024 Thread 0x0000021b3d7a0190 Thread added: 0x0000021b3d7a0190
Event: 0.025 Thread 0x0000021b3d7a0f30 Thread added: 0x0000021b3d7a0f30
Event: 0.037 Thread 0x0000021b3d7b53e0 Thread added: 0x0000021b3d7b53e0
Event: 0.037 Thread 0x0000021b3d7b5d80 Thread added: 0x0000021b3d7b5d80
Event: 0.037 Thread 0x0000021b3d7ba780 Thread added: 0x0000021b3d7ba780
Event: 0.037 Thread 0x0000021b3d7c3270 Thread added: 0x0000021b3d7c3270
Event: 0.037 Thread 0x0000021b3d7c7710 Thread added: 0x0000021b3d7c7710
Event: 0.037 Thread 0x0000021b3d7c9010 Thread added: 0x0000021b3d7c9010
Event: 0.037 Thread 0x0000021b3d7cd920 Thread added: 0x0000021b3d7cd920
Event: 0.065 Thread 0x0000021b41ca2d50 Thread added: 0x0000021b41ca2d50
Event: 0.069 Thread 0x0000021b41ca74a0 Thread added: 0x0000021b41ca74a0
Event: 0.077 Loaded shared library C:\Program Files\Java\jdk-18.0.1.1\bin\net.dll
Event: 0.079 Loaded shared library C:\Program Files\Java\jdk-18.0.1.1\bin\nio.dll
Event: 0.088 Loaded shared library C:\Program Files\Java\jdk-18.0.1.1\bin\zip.dll
Event: 0.121 Loaded shared library C:\Program Files\Java\jdk-18.0.1.1\bin\jimage.dll


Dynamic libraries:
0x00007ff645ae0000 - 0x00007ff645af0000 	C:\Program Files\Java\jdk-18.0.1.1\bin\java.exe
0x00007ffdb9490000 - 0x00007ffdb9688000 	C:\WINDOWS\SYSTEM32\ntdll.dll
0x00007ffdb7690000 - 0x00007ffdb774f000 	C:\WINDOWS\System32\KERNEL32.DLL
0x00007ffdb6cf0000 - 0x00007ffdb6fc2000 	C:\WINDOWS\System32\KERNELBASE.dll
0x00007ffdb6b80000 - 0x00007ffdb6c80000 	C:\WINDOWS\System32\ucrtbase.dll
0x00007ffda3bc0000 - 0x00007ffda3bda000 	C:\Program Files\Java\jdk-18.0.1.1\bin\VCRUNTIME140.dll
0x00007ffdab770000 - 0x00007ffdab788000 	C:\Program Files\Java\jdk-18.0.1.1\bin\jli.dll
0x00007ffdb75a0000 - 0x00007ffdb764e000 	C:\WINDOWS\System32\ADVAPI32.dll
0x00007ffdb89d0000 - 0x00007ffdb8a6e000 	C:\WINDOWS\System32\msvcrt.dll
0x00007ffdb93b0000 - 0x00007ffdb944c000 	C:\WINDOWS\System32\sechost.dll
0x00007ffdb88a0000 - 0x00007ffdb89c5000 	C:\WINDOWS\System32\RPCRT4.dll
0x00007ffdb9200000 - 0x00007ffdb93a1000 	C:\WINDOWS\System32\USER32.dll
0x00007ffd9fcc0000 - 0x00007ffd9ff5a000 	C:\WINDOWS\WinSxS\amd64_microsoft.windows.common-controls_6595b64144ccf1df_6.0.19041.1110_none_60b5254171f9507e\COMCTL32.dll
0x00007ffdb7080000 - 0x00007ffdb70a2000 	C:\WINDOWS\System32\win32u.dll
0x00007ffdb91c0000 - 0x00007ffdb91eb000 	C:\WINDOWS\System32\GDI32.dll
0x00007ffdb7140000 - 0x00007ffdb724f000 	C:\WINDOWS\System32\gdi32full.dll
0x00007ffdb7400000 - 0x00007ffdb749d000 	C:\WINDOWS\System32\msvcp_win.dll
0x00007ffdb2460000 - 0x00007ffdb246a000 	C:\WINDOWS\SYSTEM32\VERSION.dll
0x00007ffdb7650000 - 0x00007ffdb7682000 	C:\WINDOWS\System32\IMM32.DLL
0x00007ffdb3a10000 - 0x00007ffdb3a1c000 	C:\Program Files\Java\jdk-18.0.1.1\bin\vcruntime140_1.dll
0x00007ffd90580000 - 0x00007ffd9060d000 	C:\Program Files\Java\jdk-18.0.1.1\bin\msvcp140.dll
0x00007ffd73780000 - 0x00007ffd74390000 	C:\Program Files\Java\jdk-18.0.1.1\bin\server\jvm.dll
0x00007ffdb8230000 - 0x00007ffdb8238000 	C:\WINDOWS\System32\PSAPI.DLL
0x00007ffda1bb0000 - 0x00007ffda1bd7000 	C:\WINDOWS\SYSTEM32\WINMM.dll
0x00007ffd8dcc0000 - 0x00007ffd8dcc9000 	C:\WINDOWS\SYSTEM32\WSOCK32.dll
0x00007ffdb8830000 - 0x00007ffdb889b000 	C:\WINDOWS\System32\WS2_32.dll
0x00007ffdb5420000 - 0x00007ffdb5432000 	C:\WINDOWS\SYSTEM32\kernel.appcore.dll
0x00007ffdb3740000 - 0x00007ffdb374a000 	C:\Program Files\Java\jdk-18.0.1.1\bin\jimage.dll
0x00007ffda1220000 - 0x00007ffda1404000 	C:\WINDOWS\SYSTEM32\DBGHELP.DLL
0x00007ffd99720000 - 0x00007ffd99755000 	C:\WINDOWS\SYSTEM32\dbgcore.DLL
0x00007ffdb70b0000 - 0x00007ffdb7132000 	C:\WINDOWS\System32\bcryptPrimitives.dll
0x00007ffda3b00000 - 0x00007ffda3b25000 	C:\Program Files\Java\jdk-18.0.1.1\bin\java.dll
0x00007ffd77230000 - 0x00007ffd77306000 	C:\Program Files\Java\jdk-18.0.1.1\bin\jsvml.dll
0x00007ffdb8a70000 - 0x00007ffdb91b4000 	C:\WINDOWS\System32\SHELL32.dll
0x00007ffdb4bf0000 - 0x00007ffdb5382000 	C:\WINDOWS\SYSTEM32\windows.storage.dll
0x00007ffdb84d0000 - 0x00007ffdb8825000 	C:\WINDOWS\System32\combase.dll
0x00007ffdb6570000 - 0x00007ffdb65a0000 	C:\WINDOWS\SYSTEM32\Wldp.dll
0x00007ffdb7ed0000 - 0x00007ffdb7f7d000 	C:\WINDOWS\System32\SHCORE.dll
0x00007ffdb7e70000 - 0x00007ffdb7ec5000 	C:\WINDOWS\System32\shlwapi.dll
0x00007ffdb6ac0000 - 0x00007ffdb6adf000 	C:\WINDOWS\SYSTEM32\profapi.dll
0x00007ffda3ae0000 - 0x00007ffda3af3000 	C:\Program Files\Java\jdk-18.0.1.1\bin\net.dll
0x00007ffdb4920000 - 0x00007ffdb4a2c000 	C:\WINDOWS\SYSTEM32\WINHTTP.dll
0x00007ffdb6260000 - 0x00007ffdb62ca000 	C:\WINDOWS\system32\mswsock.dll
0x00007ffda0c40000 - 0x00007ffda0c56000 	C:\Program Files\Java\jdk-18.0.1.1\bin\nio.dll
0x00007ffd98e60000 - 0x00007ffd98e78000 	C:\Program Files\Java\jdk-18.0.1.1\bin\zip.dll
0x00007ffdb3960000 - 0x00007ffdb396e000 	C:\Program Files\Java\jdk-18.0.1.1\bin\sunmscapi.dll
0x00007ffdb7250000 - 0x00007ffdb73a6000 	C:\WINDOWS\System32\CRYPT32.dll
0x00007ffdb6650000 - 0x00007ffdb6677000 	C:\WINDOWS\SYSTEM32\ncrypt.dll
0x00007ffdb6610000 - 0x00007ffdb664b000 	C:\WINDOWS\SYSTEM32\NTASN1.dll

dbghelp: loaded successfully - version: 4.0.5 - missing functions: none
symbol engine: initialized successfully - sym options: 0x614 - pdb path: .;C:\Program Files\Java\jdk-18.0.1.1\bin;C:\WINDOWS\SYSTEM32;C:\WINDOWS\WinSxS\amd64_microsoft.windows.common-controls_6595b64144ccf1df_6.0.19041.1110_none_60b5254171f9507e;C:\Program Files\Java\jdk-18.0.1.1\bin\server

VM Arguments:
java_command: sn.ept.git.dic2.tp_jpa_ass_niang.FindClientsTest
java_class_path (initial): C:\Users\LENOVO\OneDrive\Documents\NetBeansProjects\tp_jpa_ass_niang\target\classes;C:\Users\LENOVO\.m2\repository\org\eclipse\persistence\org.eclipse.persistence.core\2.7.10\org.eclipse.persistence.core-2.7.10.jar;C:\Users\LENOVO\.m2\repository\org\eclipse\persistence\org.eclipse.persistence.asm\9.2.0\org.eclipse.persistence.asm-9.2.0.jar;C:\Users\LENOVO\.m2\repository\org\eclipse\persistence\org.eclipse.persistence.antlr\2.7.10\org.eclipse.persistence.antlr-2.7.10.jar;C:\Users\LENOVO\.m2\repository\org\eclipse\persistence\org.eclipse.persistence.jpa\2.7.10\org.eclipse.persistence.jpa-2.7.10.jar;C:\Users\LENOVO\.m2\repository\org\eclipse\persistence\org.eclipse.persistence.jpa.jpql\2.7.10\org.eclipse.persistence.jpa.jpql-2.7.10.jar;C:\Users\LENOVO\.m2\repository\org\eclipse\persistence\org.eclipse.persistence.moxy\2.7.10\org.eclipse.persistence.moxy-2.7.10.jar;C:\Users\LENOVO\.m2\repository\org\eclipse\persistence\jakarta.persistence\2.2.3\jakarta.persistence-2.2.3.jar;C:\Users\LENOVO\.m2\repository\com\mysql\mysql-connector-j\8.0.32\mysql-connector-j-8.0.32.jar;C:\Users\LENOVO\.m2\repository\com\google\protobuf\protobuf-java\3.21.9\protobuf-java-3.21.9.jar
Launcher Type: SUN_STANDARD

[Global flags]
     intx CICompilerCount                          = 4                                         {product} {ergonomic}
     uint ConcGCThreads                            = 2                                         {product} {ergonomic}
     uint G1ConcRefinementThreads                  = 8                                         {product} {ergonomic}
   size_t G1HeapRegionSize                         = 2097152                                   {product} {ergonomic}
    uintx GCDrainStackTargetSize                   = 64                                        {product} {ergonomic}
   size_t InitialHeapSize                          = 257949696                                 {product} {ergonomic}
   size_t MarkStackSize                            = 4194304                                   {product} {ergonomic}
   size_t MaxHeapSize                              = 4123000832                                {product} {ergonomic}
   size_t MaxNewSize                               = 2472542208                                {product} {ergonomic}
   size_t MinHeapDeltaBytes                        = 2097152                                   {product} {ergonomic}
   size_t MinHeapSize                              = 8388608                                   {product} {ergonomic}
    uintx NonNMethodCodeHeapSize                   = 5839372                                {pd product} {ergonomic}
    uintx NonProfiledCodeHeapSize                  = 122909434                              {pd product} {ergonomic}
    uintx ProfiledCodeHeapSize                     = 122909434                              {pd product} {ergonomic}
    uintx ReservedCodeCacheSize                    = 251658240                              {pd product} {ergonomic}
     bool SegmentedCodeCache                       = true                                      {product} {ergonomic}
   size_t SoftMaxHeapSize                          = 4123000832                             {manageable} {ergonomic}
     bool UseCompressedClassPointers               = true                           {product lp64_product} {ergonomic}
     bool UseCompressedOops                        = true                           {product lp64_product} {ergonomic}
     bool UseG1GC                                  = true                                      {product} {ergonomic}
     bool UseLargePagesIndividualAllocation        = false                                  {pd product} {ergonomic}

Logging:
Log output configuration:
 #0: stdout all=warning uptime,level,tags foldmultilines=false
 #1: stderr all=off uptime,level,tags foldmultilines=false

Environment Variables:
JAVA_HOME=C:\Program Files\Java\jdk-18.0.1.1
PATH=C:\Users\LENOVO\anaconda3\condabin;C:\Program Files (x86)\VMware\VMware Workstation\bin\;C:\Program Files\Amazon Corretto\jdk17.0.2_8\bin;C:\Program Files\Amazon Corretto\jdk1.8.0_322\bin;C:\WINDOWS\system32;C:\WINDOWS;C:\WINDOWS\System32\Wbem;C:\WINDOWS\System32\WindowsPowerShell\v1.0\;C:\WINDOWS\System32\OpenSSH\;C:\Program Files\Git\cmd;C:\Program Files (x86)\mingw-w64\i686-8.1.0-posix-dwarf-rt_v6-rev0\mingw32\bin;C:\Program Files\nodejs\;C:\ProgramData\chocolatey\bin;C:\Program Files\php-8.1.0;C:\Program Files\Polyspace\R2021a\bin;C:\Program Files\MongoDB\Server\5.0\bin;C:\Program Files\gettext-iconv\bin;C:\Users\LENOVO\OneDrive\Documents\DIC1\0.Agility\OpenClassrooms-Testing\apache-maven-3.8.6-bin\apache-maven-3.8.6\bin;C:\Program Files\Docker\Docker\resources\bin;C:\ProgramData\DockerDesktop\version-bin;C:\Program Files\Common Files\Oracle\Java\javapath;C:\Program Files\MySQL\MySQL Shell 8.0\bin\;C:\Users\LENOVO\AppData\Local\Microsoft\WindowsApps;C:\Users\LENOVO\AppData\Local\Programs\Microsoft VS Code\bin;C:\Users\LENOVO\AppData\Roaming\npm;C:\Users\LENOVO\anaconda3\Scripts;C:\Program Files\MongoDB\mongodb-database-tools-windows-x86_64-100.5.2\mongodb-database-tools-windows-x86_64-100.5.2\bin;C:\git;C:\Program Files\MySQL\MySQL Server 8.0\bin;
USERNAME=LENOVO
OS=Windows_NT
PROCESSOR_IDENTIFIER=Intel64 Family 6 Model 94 Stepping 3, GenuineIntel



---------------  S Y S T E M  ---------------

OS:
 Windows 10 , 64 bit Build 19041 (10.0.19041.2364)
OS uptime: 1 days 5:53 hours

CPU: total 8 (initial active 8) (4 cores per cpu, 2 threads per core) family 6 model 94 stepping 3 microcode 0xcc, cx8, cmov, fxsr, ht, mmx, 3dnowpref, sse, sse2, sse3, ssse3, sse4.1, sse4.2, popcnt, lzcnt, tsc, tscinvbit, avx, avx2, aes, erms, clmul, bmi1, bmi2, rtm, adx, fma, vzeroupper, clflush, clflushopt

Memory: 4k page, system-wide physical 15727M (1934M free)
TotalPageFile size 24716M (AvailPageFile size 4M)
current process WorkingSet (physical memory assigned to process): 83M, peak: 83M
current process commit charge ("private bytes"): 355M, peak: 355M

vm_info: Java HotSpot(TM) 64-Bit Server VM (18.0.1.1+2-6) for windows-amd64 JRE (18.0.1.1+2-6), built on Apr 25 2022 21:53:15 by "mach5one" with MS VC++ 16.8 / 16.9 (VS2019)

END.
