#
# There is insufficient memory for the Java Runtime Environment to continue.
# Native memory allocation (malloc) failed to allocate 137936 bytes for Chunk::new
# Possible reasons:
#   The system is out of physical RAM or swap space
#   The process is running with CompressedOops enabled, and the Java Heap may be blocking the growth of the native heap
# Possible solutions:
#   Reduce memory load on the system
#   Increase physical memory or swap space
#   Check if swap backing store is full
#   Decrease Java heap size (-Xmx/-Xms)
#   Decrease number of Java threads
#   Decrease Java thread stack sizes (-Xss)
#   Set larger code cache with -XX:ReservedCodeCacheSize=
#   JVM is running with Zero Based Compressed Oops mode in which the Java heap is
#     placed in the first 32GB address space. The Java Heap base address is the
#     maximum limit for the native heap growth. Please use -XX:HeapBaseMinAddress
#     to set the Java Heap base and to place the Java Heap above 32GB virtual address.
# This output file may be truncated or incomplete.
#
#  Out of Memory Error (arena.cpp:184), pid=27016, tid=28648
#
# JRE version: Java(TM) SE Runtime Environment (18.0.1.1+2) (build 18.0.1.1+2-6)
# Java VM: Java HotSpot(TM) 64-Bit Server VM (18.0.1.1+2-6, mixed mode, sharing, tiered, compressed oops, compressed class ptrs, g1 gc, windows-amd64)
# No core dump will be written. Minidumps are not enabled by default on client versions of Windows
#

---------------  S U M M A R Y ------------

Command Line: -Dclassworlds.conf=C:\Program Files\NetBeans-16\netbeans\java\maven\bin\m2.conf -Dmaven.home=C:\Program Files\NetBeans-16\netbeans\java\maven -Dlibrary.jansi.path=C:\Program Files\NetBeans-16\netbeans\java\maven\lib\jansi-native -Dmaven.multiModuleProjectDirectory=C:\Users\LENOVO\OneDrive\Documents\NetBeansProjects\tp_jpa_ass_niang org.codehaus.plexus.classworlds.launcher.Launcher -Dexec.vmArgs= -Dexec.args=${exec.vmArgs} -classpath %classpath ${exec.mainClass} ${exec.appArgs} -Dexec.executable=C:\Program Files\Java\jdk-18.0.1.1\bin\java.exe -Dexec.mainClass=sn.ept.git.dic2.tp_jpa_ass_niang.FindClientsTest -Dexec.classpathScope=runtime -Dexec.appArgs= -Dmaven.ext.class.path=C:\Program Files\NetBeans-16\netbeans\java\maven-nblib\netbeans-eventspy.jar org.codehaus.mojo:exec-maven-plugin:3.0.0:exec

Host: Intel(R) Core(TM) i7-6820HQ CPU @ 2.70GHz, 8 cores, 15G,  Windows 10 , 64 bit Build 19041 (10.0.19041.2364)
Time: Sun Feb 12 14:02:11 2023 Greenwich Standard Time elapsed time: 3.775841 seconds (0d 0h 0m 3s)

---------------  T H R E A D  ---------------

Current thread (0x0000025ef7028c70):  JavaThread "C2 CompilerThread0" daemon [_thread_in_native, id=28648, stack(0x000000780bc00000,0x000000780bd00000)]


Current CompileTask:
C2:   3775 3213       4       org.fusesource.jansi.io.AnsiOutputStream::write (898 bytes)

Stack: [0x000000780bc00000,0x000000780bd00000]
Native frames: (J=compiled Java code, j=interpreted, Vv=VM code, C=native code)
V  [jvm.dll+0x69887a]
V  [jvm.dll+0x7f38bd]
V  [jvm.dll+0x7f51ce]
V  [jvm.dll+0x7f5883]
V  [jvm.dll+0x25ca3f]
V  [jvm.dll+0xb8c2f]
V  [jvm.dll+0xb8fa5]
V  [jvm.dll+0x385a31]
V  [jvm.dll+0x34f811]
V  [jvm.dll+0x34ecaa]
V  [jvm.dll+0x22fc21]
V  [jvm.dll+0x22eff1]
V  [jvm.dll+0x1b9cfc]
V  [jvm.dll+0x23e8ca]
V  [jvm.dll+0x23cbb5]
V  [jvm.dll+0x7a5fb1]
V  [jvm.dll+0x7a03ea]
V  [jvm.dll+0x697725]
C  [ucrtbase.dll+0x21bb2]
C  [KERNEL32.DLL+0x17614]
C  [ntdll.dll+0x526a1]


---------------  P R O C E S S  ---------------

Threads class SMR info:
_java_thread_list=0x0000025efc11d770, length=12, elements={
0x0000025ed47d8380, 0x0000025ef7002940, 0x0000025ef70044c0, 0x0000025ef7019800,
0x0000025ef701a0b0, 0x0000025ef701a960, 0x0000025ef701b820, 0x0000025ef7028c70,
0x0000025ef702ca20, 0x0000025ef70395a0, 0x0000025efb4aac30, 0x0000025efb4aeba0
}

Java Threads: ( => current thread )
  0x0000025ed47d8380 JavaThread "main" [_thread_in_native, id=29844, stack(0x000000780af00000,0x000000780b000000)]
  0x0000025ef7002940 JavaThread "Reference Handler" daemon [_thread_blocked, id=24200, stack(0x000000780b600000,0x000000780b700000)]
  0x0000025ef70044c0 JavaThread "Finalizer" daemon [_thread_blocked, id=28128, stack(0x000000780b700000,0x000000780b800000)]
  0x0000025ef7019800 JavaThread "Signal Dispatcher" daemon [_thread_blocked, id=16404, stack(0x000000780b800000,0x000000780b900000)]
  0x0000025ef701a0b0 JavaThread "Attach Listener" daemon [_thread_blocked, id=24772, stack(0x000000780b900000,0x000000780ba00000)]
  0x0000025ef701a960 JavaThread "Service Thread" daemon [_thread_blocked, id=23100, stack(0x000000780ba00000,0x000000780bb00000)]
  0x0000025ef701b820 JavaThread "Monitor Deflation Thread" daemon [_thread_blocked, id=23416, stack(0x000000780bb00000,0x000000780bc00000)]
=>0x0000025ef7028c70 JavaThread "C2 CompilerThread0" daemon [_thread_in_native, id=28648, stack(0x000000780bc00000,0x000000780bd00000)]
  0x0000025ef702ca20 JavaThread "C1 CompilerThread0" daemon [_thread_blocked, id=25820, stack(0x000000780bd00000,0x000000780be00000)]
  0x0000025ef70395a0 JavaThread "Sweeper thread" daemon [_thread_blocked, id=21888, stack(0x000000780be00000,0x000000780bf00000)]
  0x0000025efb4aac30 JavaThread "Notification Thread" daemon [_thread_blocked, id=15304, stack(0x000000780bf00000,0x000000780c000000)]
  0x0000025efb4aeba0 JavaThread "Common-Cleaner" daemon [_thread_blocked, id=24756, stack(0x000000780c100000,0x000000780c200000)]

Other Threads:
  0x0000025ef7000a40 VMThread "VM Thread" [stack: 0x000000780b500000,0x000000780b600000] [id=29364]
  0x0000025efb4ae110 WatcherThread "VM Periodic Task Thread" [stack: 0x000000780c000000,0x000000780c100000] [id=15720]
  0x0000025ed4846730 WorkerThread "GC Thread#0" [stack: 0x000000780b000000,0x000000780b100000] [id=28368]
  0x0000025efb58c7c0 WorkerThread "GC Thread#1" [stack: 0x000000780c400000,0x000000780c500000] [id=29020]
  0x0000025efc222310 WorkerThread "GC Thread#2" [stack: 0x000000780c500000,0x000000780c600000] [id=25416]
  0x0000025efb87e7c0 WorkerThread "GC Thread#3" [stack: 0x000000780c600000,0x000000780c700000] [id=26192]
  0x0000025efbf1ebc0 WorkerThread "GC Thread#4" [stack: 0x000000780c700000,0x000000780c800000] [id=29088]
  0x0000025efbf1f8e0 WorkerThread "GC Thread#5" [stack: 0x000000780c800000,0x000000780c900000] [id=15708]
  0x0000025efbf200c0 WorkerThread "GC Thread#6" [stack: 0x000000780c900000,0x000000780ca00000] [id=27568]
  0x0000025efbf1f100 WorkerThread "GC Thread#7" [stack: 0x000000780c200000,0x000000780c300000] [id=15816]
  0x0000025ed4856b30 ConcurrentGCThread "G1 Main Marker" [stack: 0x000000780b100000,0x000000780b200000] [id=26304]
  0x0000025ed4859ae0 WorkerThread "G1 Conc#0" [stack: 0x000000780b200000,0x000000780b300000] [id=25040]
  0x0000025ed489d660 ConcurrentGCThread "G1 Refine#0" [stack: 0x000000780b300000,0x000000780b400000] [id=4404]
  0x0000025ed489de80 ConcurrentGCThread "G1 Service" [stack: 0x000000780b400000,0x000000780b500000] [id=24344]

Threads with active compile tasks:
C2 CompilerThread0     3810 3213       4       org.fusesource.jansi.io.AnsiOutputStream::write (898 bytes)

VM state: not at safepoint (normal execution)

VM Mutex/Monitor currently owned by a thread: None

Heap address: 0x000000070a400000, size: 3932 MB, Compressed Oops mode: Zero based, Oop shift amount: 3

CDS archive(s) mapped at: [0x0000000800000000-0x0000000800ba0000-0x0000000800ba0000), size 12189696, SharedBaseAddress: 0x0000000800000000, ArchiveRelocationMode: 0.
Compressed class space mapped at: 0x0000000800c00000-0x0000000840c00000, reserved size: 1073741824
Narrow klass base: 0x0000000800000000, Narrow klass shift: 0, Narrow klass range: 0x100000000

GC Precious Log:
 CardTable entry size: 512
 Card Set container configuration: InlinePtr #cards 4 size 8 Array Of Cards #cards 16 size 48 Howl #buckets 8 coarsen threshold 3686 Howl Bitmap #cards 512 size 80 coarsen threshold 460 Card regions per heap region 1 cards per card region 4096
 CPUs: 8 total, 8 available
 Memory: 15727M
 Large Page Support: Disabled
 NUMA Support: Disabled
 Compressed Oops: Enabled (Zero based)
 Heap Region Size: 2M
 Heap Min Capacity: 8M
 Heap Initial Capacity: 246M
 Heap Max Capacity: 3932M
 Pre-touch: Disabled
 Parallel Workers: 8
 Concurrent Workers: 2
 Concurrent Refinement Workers: 8
 Periodic GC: Disabled

Heap:
 garbage-first heap   total 251904K, used 50694K [0x000000070a400000, 0x0000000800000000)
  region size 2048K, 25 young (51200K), 2 survivors (4096K)
 Metaspace       used 13920K, committed 14208K, reserved 1114112K
  class space    used 1580K, committed 1728K, reserved 1048576K

Heap Regions: E=young(eden), S=young(survivor), O=old, HS=humongous(starts), HC=humongous(continues), CS=collection set, F=free, OA=open archive, CA=closed archive, TAMS=top-at-mark-start (previous, next)
|   0|0x000000070a400000, 0x000000070a600000, 0x000000070a600000|100%| O|  |TAMS 0x000000070a400000, 0x000000070a400000| Untracked 
|   1|0x000000070a600000, 0x000000070a749e00, 0x000000070a800000| 64%| O|  |TAMS 0x000000070a600000, 0x000000070a600000| Untracked 
|   2|0x000000070a800000, 0x000000070a800000, 0x000000070aa00000|  0%| F|  |TAMS 0x000000070a800000, 0x000000070a800000| Untracked 
|   3|0x000000070aa00000, 0x000000070aa00000, 0x000000070ac00000|  0%| F|  |TAMS 0x000000070aa00000, 0x000000070aa00000| Untracked 
|   4|0x000000070ac00000, 0x000000070ac00000, 0x000000070ae00000|  0%| F|  |TAMS 0x000000070ac00000, 0x000000070ac00000| Untracked 
|   5|0x000000070ae00000, 0x000000070ae00000, 0x000000070b000000|  0%| F|  |TAMS 0x000000070ae00000, 0x000000070ae00000| Untracked 
|   6|0x000000070b000000, 0x000000070b000000, 0x000000070b200000|  0%| F|  |TAMS 0x000000070b000000, 0x000000070b000000| Untracked 
|   7|0x000000070b200000, 0x000000070b200000, 0x000000070b400000|  0%| F|  |TAMS 0x000000070b200000, 0x000000070b200000| Untracked 
|   8|0x000000070b400000, 0x000000070b400000, 0x000000070b600000|  0%| F|  |TAMS 0x000000070b400000, 0x000000070b400000| Untracked 
|   9|0x000000070b600000, 0x000000070b600000, 0x000000070b800000|  0%| F|  |TAMS 0x000000070b600000, 0x000000070b600000| Untracked 
|  10|0x000000070b800000, 0x000000070b800000, 0x000000070ba00000|  0%| F|  |TAMS 0x000000070b800000, 0x000000070b800000| Untracked 
|  11|0x000000070ba00000, 0x000000070ba00000, 0x000000070bc00000|  0%| F|  |TAMS 0x000000070ba00000, 0x000000070ba00000| Untracked 
|  12|0x000000070bc00000, 0x000000070bc00000, 0x000000070be00000|  0%| F|  |TAMS 0x000000070bc00000, 0x000000070bc00000| Untracked 
|  13|0x000000070be00000, 0x000000070be00000, 0x000000070c000000|  0%| F|  |TAMS 0x000000070be00000, 0x000000070be00000| Untracked 
|  14|0x000000070c000000, 0x000000070c000000, 0x000000070c200000|  0%| F|  |TAMS 0x000000070c000000, 0x000000070c000000| Untracked 
|  15|0x000000070c200000, 0x000000070c200000, 0x000000070c400000|  0%| F|  |TAMS 0x000000070c200000, 0x000000070c200000| Untracked 
|  16|0x000000070c400000, 0x000000070c400000, 0x000000070c600000|  0%| F|  |TAMS 0x000000070c400000, 0x000000070c400000| Untracked 
|  17|0x000000070c600000, 0x000000070c600000, 0x000000070c800000|  0%| F|  |TAMS 0x000000070c600000, 0x000000070c600000| Untracked 
|  18|0x000000070c800000, 0x000000070c800000, 0x000000070ca00000|  0%| F|  |TAMS 0x000000070c800000, 0x000000070c800000| Untracked 
|  19|0x000000070ca00000, 0x000000070ca00000, 0x000000070cc00000|  0%| F|  |TAMS 0x000000070ca00000, 0x000000070ca00000| Untracked 
|  20|0x000000070cc00000, 0x000000070cc00000, 0x000000070ce00000|  0%| F|  |TAMS 0x000000070cc00000, 0x000000070cc00000| Untracked 
|  21|0x000000070ce00000, 0x000000070ce00000, 0x000000070d000000|  0%| F|  |TAMS 0x000000070ce00000, 0x000000070ce00000| Untracked 
|  22|0x000000070d000000, 0x000000070d000000, 0x000000070d200000|  0%| F|  |TAMS 0x000000070d000000, 0x000000070d000000| Untracked 
|  23|0x000000070d200000, 0x000000070d200000, 0x000000070d400000|  0%| F|  |TAMS 0x000000070d200000, 0x000000070d200000| Untracked 
|  24|0x000000070d400000, 0x000000070d400000, 0x000000070d600000|  0%| F|  |TAMS 0x000000070d400000, 0x000000070d400000| Untracked 
|  25|0x000000070d600000, 0x000000070d600000, 0x000000070d800000|  0%| F|  |TAMS 0x000000070d600000, 0x000000070d600000| Untracked 
|  26|0x000000070d800000, 0x000000070d800000, 0x000000070da00000|  0%| F|  |TAMS 0x000000070d800000, 0x000000070d800000| Untracked 
|  27|0x000000070da00000, 0x000000070da00000, 0x000000070dc00000|  0%| F|  |TAMS 0x000000070da00000, 0x000000070da00000| Untracked 
|  28|0x000000070dc00000, 0x000000070dc00000, 0x000000070de00000|  0%| F|  |TAMS 0x000000070dc00000, 0x000000070dc00000| Untracked 
|  29|0x000000070de00000, 0x000000070de00000, 0x000000070e000000|  0%| F|  |TAMS 0x000000070de00000, 0x000000070de00000| Untracked 
|  30|0x000000070e000000, 0x000000070e000000, 0x000000070e200000|  0%| F|  |TAMS 0x000000070e000000, 0x000000070e000000| Untracked 
|  31|0x000000070e200000, 0x000000070e200000, 0x000000070e400000|  0%| F|  |TAMS 0x000000070e200000, 0x000000070e200000| Untracked 
|  32|0x000000070e400000, 0x000000070e400000, 0x000000070e600000|  0%| F|  |TAMS 0x000000070e400000, 0x000000070e400000| Untracked 
|  33|0x000000070e600000, 0x000000070e600000, 0x000000070e800000|  0%| F|  |TAMS 0x000000070e600000, 0x000000070e600000| Untracked 
|  34|0x000000070e800000, 0x000000070e800000, 0x000000070ea00000|  0%| F|  |TAMS 0x000000070e800000, 0x000000070e800000| Untracked 
|  35|0x000000070ea00000, 0x000000070ea00000, 0x000000070ec00000|  0%| F|  |TAMS 0x000000070ea00000, 0x000000070ea00000| Untracked 
|  36|0x000000070ec00000, 0x000000070ec00000, 0x000000070ee00000|  0%| F|  |TAMS 0x000000070ec00000, 0x000000070ec00000| Untracked 
|  37|0x000000070ee00000, 0x000000070ee00000, 0x000000070f000000|  0%| F|  |TAMS 0x000000070ee00000, 0x000000070ee00000| Untracked 
|  38|0x000000070f000000, 0x000000070f000000, 0x000000070f200000|  0%| F|  |TAMS 0x000000070f000000, 0x000000070f000000| Untracked 
|  39|0x000000070f200000, 0x000000070f200000, 0x000000070f400000|  0%| F|  |TAMS 0x000000070f200000, 0x000000070f200000| Untracked 
|  40|0x000000070f400000, 0x000000070f400000, 0x000000070f600000|  0%| F|  |TAMS 0x000000070f400000, 0x000000070f400000| Untracked 
|  41|0x000000070f600000, 0x000000070f600000, 0x000000070f800000|  0%| F|  |TAMS 0x000000070f600000, 0x000000070f600000| Untracked 
|  42|0x000000070f800000, 0x000000070f800000, 0x000000070fa00000|  0%| F|  |TAMS 0x000000070f800000, 0x000000070f800000| Untracked 
|  43|0x000000070fa00000, 0x000000070fa00000, 0x000000070fc00000|  0%| F|  |TAMS 0x000000070fa00000, 0x000000070fa00000| Untracked 
|  44|0x000000070fc00000, 0x000000070fc00000, 0x000000070fe00000|  0%| F|  |TAMS 0x000000070fc00000, 0x000000070fc00000| Untracked 
|  45|0x000000070fe00000, 0x000000070fe00000, 0x0000000710000000|  0%| F|  |TAMS 0x000000070fe00000, 0x000000070fe00000| Untracked 
|  46|0x0000000710000000, 0x0000000710000000, 0x0000000710200000|  0%| F|  |TAMS 0x0000000710000000, 0x0000000710000000| Untracked 
|  47|0x0000000710200000, 0x0000000710200000, 0x0000000710400000|  0%| F|  |TAMS 0x0000000710200000, 0x0000000710200000| Untracked 
|  48|0x0000000710400000, 0x0000000710400000, 0x0000000710600000|  0%| F|  |TAMS 0x0000000710400000, 0x0000000710400000| Untracked 
|  49|0x0000000710600000, 0x0000000710600000, 0x0000000710800000|  0%| F|  |TAMS 0x0000000710600000, 0x0000000710600000| Untracked 
|  50|0x0000000710800000, 0x0000000710800000, 0x0000000710a00000|  0%| F|  |TAMS 0x0000000710800000, 0x0000000710800000| Untracked 
|  51|0x0000000710a00000, 0x0000000710a00000, 0x0000000710c00000|  0%| F|  |TAMS 0x0000000710a00000, 0x0000000710a00000| Untracked 
|  52|0x0000000710c00000, 0x0000000710c00000, 0x0000000710e00000|  0%| F|  |TAMS 0x0000000710c00000, 0x0000000710c00000| Untracked 
|  53|0x0000000710e00000, 0x0000000710e00000, 0x0000000711000000|  0%| F|  |TAMS 0x0000000710e00000, 0x0000000710e00000| Untracked 
|  54|0x0000000711000000, 0x0000000711000000, 0x0000000711200000|  0%| F|  |TAMS 0x0000000711000000, 0x0000000711000000| Untracked 
|  55|0x0000000711200000, 0x0000000711200000, 0x0000000711400000|  0%| F|  |TAMS 0x0000000711200000, 0x0000000711200000| Untracked 
|  56|0x0000000711400000, 0x0000000711400000, 0x0000000711600000|  0%| F|  |TAMS 0x0000000711400000, 0x0000000711400000| Untracked 
|  57|0x0000000711600000, 0x0000000711600000, 0x0000000711800000|  0%| F|  |TAMS 0x0000000711600000, 0x0000000711600000| Untracked 
|  58|0x0000000711800000, 0x0000000711800000, 0x0000000711a00000|  0%| F|  |TAMS 0x0000000711800000, 0x0000000711800000| Untracked 
|  59|0x0000000711a00000, 0x0000000711a00000, 0x0000000711c00000|  0%| F|  |TAMS 0x0000000711a00000, 0x0000000711a00000| Untracked 
|  60|0x0000000711c00000, 0x0000000711c00000, 0x0000000711e00000|  0%| F|  |TAMS 0x0000000711c00000, 0x0000000711c00000| Untracked 
|  61|0x0000000711e00000, 0x0000000711e00000, 0x0000000712000000|  0%| F|  |TAMS 0x0000000711e00000, 0x0000000711e00000| Untracked 
|  62|0x0000000712000000, 0x0000000712000000, 0x0000000712200000|  0%| F|  |TAMS 0x0000000712000000, 0x0000000712000000| Untracked 
|  63|0x0000000712200000, 0x0000000712200000, 0x0000000712400000|  0%| F|  |TAMS 0x0000000712200000, 0x0000000712200000| Untracked 
|  64|0x0000000712400000, 0x0000000712400000, 0x0000000712600000|  0%| F|  |TAMS 0x0000000712400000, 0x0000000712400000| Untracked 
|  65|0x0000000712600000, 0x0000000712600000, 0x0000000712800000|  0%| F|  |TAMS 0x0000000712600000, 0x0000000712600000| Untracked 
|  66|0x0000000712800000, 0x0000000712800000, 0x0000000712a00000|  0%| F|  |TAMS 0x0000000712800000, 0x0000000712800000| Untracked 
|  67|0x0000000712a00000, 0x0000000712a00000, 0x0000000712c00000|  0%| F|  |TAMS 0x0000000712a00000, 0x0000000712a00000| Untracked 
|  68|0x0000000712c00000, 0x0000000712c00000, 0x0000000712e00000|  0%| F|  |TAMS 0x0000000712c00000, 0x0000000712c00000| Untracked 
|  69|0x0000000712e00000, 0x0000000712e00000, 0x0000000713000000|  0%| F|  |TAMS 0x0000000712e00000, 0x0000000712e00000| Untracked 
|  70|0x0000000713000000, 0x0000000713000000, 0x0000000713200000|  0%| F|  |TAMS 0x0000000713000000, 0x0000000713000000| Untracked 
|  71|0x0000000713200000, 0x0000000713200000, 0x0000000713400000|  0%| F|  |TAMS 0x0000000713200000, 0x0000000713200000| Untracked 
|  72|0x0000000713400000, 0x0000000713400000, 0x0000000713600000|  0%| F|  |TAMS 0x0000000713400000, 0x0000000713400000| Untracked 
|  73|0x0000000713600000, 0x0000000713600000, 0x0000000713800000|  0%| F|  |TAMS 0x0000000713600000, 0x0000000713600000| Untracked 
|  74|0x0000000713800000, 0x0000000713800000, 0x0000000713a00000|  0%| F|  |TAMS 0x0000000713800000, 0x0000000713800000| Untracked 
|  75|0x0000000713a00000, 0x0000000713a00000, 0x0000000713c00000|  0%| F|  |TAMS 0x0000000713a00000, 0x0000000713a00000| Untracked 
|  76|0x0000000713c00000, 0x0000000713c00000, 0x0000000713e00000|  0%| F|  |TAMS 0x0000000713c00000, 0x0000000713c00000| Untracked 
|  77|0x0000000713e00000, 0x0000000713e00000, 0x0000000714000000|  0%| F|  |TAMS 0x0000000713e00000, 0x0000000713e00000| Untracked 
|  78|0x0000000714000000, 0x0000000714000000, 0x0000000714200000|  0%| F|  |TAMS 0x0000000714000000, 0x0000000714000000| Untracked 
|  79|0x0000000714200000, 0x0000000714200000, 0x0000000714400000|  0%| F|  |TAMS 0x0000000714200000, 0x0000000714200000| Untracked 
|  80|0x0000000714400000, 0x0000000714400000, 0x0000000714600000|  0%| F|  |TAMS 0x0000000714400000, 0x0000000714400000| Untracked 
|  81|0x0000000714600000, 0x0000000714600000, 0x0000000714800000|  0%| F|  |TAMS 0x0000000714600000, 0x0000000714600000| Untracked 
|  82|0x0000000714800000, 0x0000000714800000, 0x0000000714a00000|  0%| F|  |TAMS 0x0000000714800000, 0x0000000714800000| Untracked 
|  83|0x0000000714a00000, 0x0000000714a00000, 0x0000000714c00000|  0%| F|  |TAMS 0x0000000714a00000, 0x0000000714a00000| Untracked 
|  84|0x0000000714c00000, 0x0000000714c00000, 0x0000000714e00000|  0%| F|  |TAMS 0x0000000714c00000, 0x0000000714c00000| Untracked 
|  85|0x0000000714e00000, 0x0000000714e00000, 0x0000000715000000|  0%| F|  |TAMS 0x0000000714e00000, 0x0000000714e00000| Untracked 
|  86|0x0000000715000000, 0x0000000715000000, 0x0000000715200000|  0%| F|  |TAMS 0x0000000715000000, 0x0000000715000000| Untracked 
|  87|0x0000000715200000, 0x0000000715200000, 0x0000000715400000|  0%| F|  |TAMS 0x0000000715200000, 0x0000000715200000| Untracked 
|  88|0x0000000715400000, 0x0000000715400000, 0x0000000715600000|  0%| F|  |TAMS 0x0000000715400000, 0x0000000715400000| Untracked 
|  89|0x0000000715600000, 0x0000000715600000, 0x0000000715800000|  0%| F|  |TAMS 0x0000000715600000, 0x0000000715600000| Untracked 
|  90|0x0000000715800000, 0x0000000715800000, 0x0000000715a00000|  0%| F|  |TAMS 0x0000000715800000, 0x0000000715800000| Untracked 
|  91|0x0000000715a00000, 0x0000000715a00000, 0x0000000715c00000|  0%| F|  |TAMS 0x0000000715a00000, 0x0000000715a00000| Untracked 
|  92|0x0000000715c00000, 0x0000000715c00000, 0x0000000715e00000|  0%| F|  |TAMS 0x0000000715c00000, 0x0000000715c00000| Untracked 
|  93|0x0000000715e00000, 0x0000000715e00000, 0x0000000716000000|  0%| F|  |TAMS 0x0000000715e00000, 0x0000000715e00000| Untracked 
|  94|0x0000000716000000, 0x0000000716000000, 0x0000000716200000|  0%| F|  |TAMS 0x0000000716000000, 0x0000000716000000| Untracked 
|  95|0x0000000716200000, 0x0000000716200000, 0x0000000716400000|  0%| F|  |TAMS 0x0000000716200000, 0x0000000716200000| Untracked 
|  96|0x0000000716400000, 0x0000000716400000, 0x0000000716600000|  0%| F|  |TAMS 0x0000000716400000, 0x0000000716400000| Untracked 
|  97|0x0000000716600000, 0x0000000716600000, 0x0000000716800000|  0%| F|  |TAMS 0x0000000716600000, 0x0000000716600000| Untracked 
|  98|0x0000000716800000, 0x00000007168976c0, 0x0000000716a00000| 29%| E|  |TAMS 0x0000000716800000, 0x0000000716800000| Complete 
|  99|0x0000000716a00000, 0x0000000716c00000, 0x0000000716c00000|100%| E|CS|TAMS 0x0000000716a00000, 0x0000000716a00000| Complete 
| 100|0x0000000716c00000, 0x0000000716e00000, 0x0000000716e00000|100%| E|CS|TAMS 0x0000000716c00000, 0x0000000716c00000| Complete 
| 101|0x0000000716e00000, 0x0000000717000000, 0x0000000717000000|100%| E|CS|TAMS 0x0000000716e00000, 0x0000000716e00000| Complete 
| 102|0x0000000717000000, 0x0000000717200000, 0x0000000717200000|100%| E|CS|TAMS 0x0000000717000000, 0x0000000717000000| Complete 
| 103|0x0000000717200000, 0x0000000717400000, 0x0000000717400000|100%| E|CS|TAMS 0x0000000717200000, 0x0000000717200000| Complete 
| 104|0x0000000717400000, 0x0000000717437bd0, 0x0000000717600000| 10%| S|CS|TAMS 0x0000000717400000, 0x0000000717400000| Complete 
| 105|0x0000000717600000, 0x0000000717800000, 0x0000000717800000|100%| S|CS|TAMS 0x0000000717600000, 0x0000000717600000| Complete 
| 106|0x0000000717800000, 0x0000000717a00000, 0x0000000717a00000|100%| E|CS|TAMS 0x0000000717800000, 0x0000000717800000| Complete 
| 107|0x0000000717a00000, 0x0000000717c00000, 0x0000000717c00000|100%| E|CS|TAMS 0x0000000717a00000, 0x0000000717a00000| Complete 
| 108|0x0000000717c00000, 0x0000000717e00000, 0x0000000717e00000|100%| E|CS|TAMS 0x0000000717c00000, 0x0000000717c00000| Complete 
| 109|0x0000000717e00000, 0x0000000718000000, 0x0000000718000000|100%| E|CS|TAMS 0x0000000717e00000, 0x0000000717e00000| Complete 
| 110|0x0000000718000000, 0x0000000718200000, 0x0000000718200000|100%| E|CS|TAMS 0x0000000718000000, 0x0000000718000000| Complete 
| 111|0x0000000718200000, 0x0000000718400000, 0x0000000718400000|100%| E|CS|TAMS 0x0000000718200000, 0x0000000718200000| Complete 
| 112|0x0000000718400000, 0x0000000718600000, 0x0000000718600000|100%| E|CS|TAMS 0x0000000718400000, 0x0000000718400000| Complete 
| 113|0x0000000718600000, 0x0000000718800000, 0x0000000718800000|100%| E|CS|TAMS 0x0000000718600000, 0x0000000718600000| Complete 
| 114|0x0000000718800000, 0x0000000718a00000, 0x0000000718a00000|100%| E|CS|TAMS 0x0000000718800000, 0x0000000718800000| Complete 
| 115|0x0000000718a00000, 0x0000000718c00000, 0x0000000718c00000|100%| E|CS|TAMS 0x0000000718a00000, 0x0000000718a00000| Complete 
| 116|0x0000000718c00000, 0x0000000718e00000, 0x0000000718e00000|100%| E|CS|TAMS 0x0000000718c00000, 0x0000000718c00000| Complete 
| 117|0x0000000718e00000, 0x0000000719000000, 0x0000000719000000|100%| E|CS|TAMS 0x0000000718e00000, 0x0000000718e00000| Complete 
| 118|0x0000000719000000, 0x0000000719200000, 0x0000000719200000|100%| E|CS|TAMS 0x0000000719000000, 0x0000000719000000| Complete 
| 119|0x0000000719200000, 0x0000000719400000, 0x0000000719400000|100%| E|CS|TAMS 0x0000000719200000, 0x0000000719200000| Complete 
| 120|0x0000000719400000, 0x0000000719600000, 0x0000000719600000|100%| E|CS|TAMS 0x0000000719400000, 0x0000000719400000| Complete 
| 121|0x0000000719600000, 0x0000000719800000, 0x0000000719800000|100%| E|CS|TAMS 0x0000000719600000, 0x0000000719600000| Complete 
| 122|0x0000000719800000, 0x0000000719a00000, 0x0000000719a00000|100%| E|CS|TAMS 0x0000000719800000, 0x0000000719800000| Complete 

Card table byte_map: [0x0000025eebbf0000,0x0000025eec3a0000] _byte_map_base: 0x0000025ee839e000

Marking Bits (Prev, Next): (CMBitMap*) 0x0000025ed4846c40, (CMBitMap*) 0x0000025ed4846c80
 Prev Bits: [0x0000025eecb50000, 0x0000025ef08c0000)
 Next Bits: [0x0000025ef08c0000, 0x0000025ef4630000)

Polling page: 0x0000025ed2690000

Metaspace:

Usage:
  Non-class:     12.05 MB used.
      Class:      1.54 MB used.
       Both:     13.59 MB used.

Virtual space:
  Non-class space:       64.00 MB reserved,      12.19 MB ( 19%) committed,  1 nodes.
      Class space:        1.00 GB reserved,       1.69 MB ( <1%) committed,  1 nodes.
             Both:        1.06 GB reserved,      13.88 MB (  1%) committed. 

Chunk freelists:
   Non-Class:  2.85 MB
       Class:  2.35 MB
        Both:  5.20 MB

MaxMetaspaceSize: unlimited
CompressedClassSpaceSize: 1.00 GB
Initial GC threshold: 21.00 MB
Current GC threshold: 21.00 MB
CDS: on
MetaspaceReclaimPolicy: balanced
 - commit_granule_bytes: 65536.
 - commit_granule_words: 8192.
 - virtual_space_node_default_size: 8388608.
 - enlarge_chunks_in_place: 1.
 - new_chunks_are_fully_committed: 0.
 - uncommit_free_chunks: 1.
 - use_allocation_guard: 0.


Internal statistics:

num_allocs_failed_limit: 0.
num_arena_births: 260.
num_arena_deaths: 0.
num_vsnodes_births: 2.
num_vsnodes_deaths: 0.
num_space_committed: 222.
num_space_uncommitted: 0.
num_chunks_returned_to_freelist: 0.
num_chunks_taken_from_freelist: 728.
num_chunk_merges: 0.
num_chunk_splits: 521.
num_chunks_enlarged: 392.
num_inconsistent_stats: 0.

CodeHeap 'non-profiled nmethods': size=120000Kb used=1395Kb max_used=1395Kb free=118604Kb
 bounds [0x0000025ee3be0000, 0x0000025ee3e50000, 0x0000025eeb110000]
CodeHeap 'profiled nmethods': size=120000Kb used=6426Kb max_used=6426Kb free=113573Kb
 bounds [0x0000025edc6b0000, 0x0000025edcd00000, 0x0000025ee3be0000]
CodeHeap 'non-nmethods': size=5760Kb used=1183Kb max_used=1232Kb free=4576Kb
 bounds [0x0000025edc110000, 0x0000025edc380000, 0x0000025edc6b0000]
 total_blobs=3685 nmethods=3224 adapters=373
 compilation: enabled
              stopped_count=0, restarted_count=0
 full_count=0

Compilation events (20 events):
Event: 2.557 Thread 0x0000025ef702ca20 nmethod 3195 0x0000025edcced010 code [0x0000025edcced1a0, 0x0000025edcced378]
Event: 2.557 Thread 0x0000025ef702ca20 3196       3       java.lang.reflect.Modifier::isVolatile (13 bytes)
Event: 2.557 Thread 0x0000025ef702ca20 nmethod 3196 0x0000025edcced410 code [0x0000025edcced5a0, 0x0000025edcced6f8]
Event: 2.557 Thread 0x0000025ef702ca20 3197       3       java.lang.invoke.DirectMethodHandle::preparedFieldLambdaForm (48 bytes)
Event: 2.557 Thread 0x0000025ef702ca20 nmethod 3197 0x0000025edcced790 code [0x0000025edcced980, 0x0000025edccedf48]
Event: 2.557 Thread 0x0000025ef702ca20 3198       3       java.lang.invoke.DirectMethodHandle::ftypeKind (31 bytes)
Event: 2.557 Thread 0x0000025ef702ca20 nmethod 3198 0x0000025edccee190 code [0x0000025edccee360, 0x0000025edccee5d8]
Event: 2.558 Thread 0x0000025ef702ca20 3200       3       java.lang.invoke.DirectMethodHandle$Accessor::<init> (24 bytes)
Event: 2.558 Thread 0x0000025ef702ca20 nmethod 3200 0x0000025edccee710 code [0x0000025edccee8c0, 0x0000025edcceeab8]
Event: 2.559 Thread 0x0000025ef702b5e0 nmethod 3190 0x0000025ee3d32a10 code [0x0000025ee3d32ba0, 0x0000025ee3d32e58]
Event: 2.568 Thread 0x0000025ef702ca20 3201       3       java.lang.ProcessEnvironment$CheckedEntry::getKey (5 bytes)
Event: 2.568 Thread 0x0000025ef702ca20 nmethod 3201 0x0000025edcceec10 code [0x0000025edcceedc0, 0x0000025edccef108]
Event: 2.568 Thread 0x0000025ef702ca20 3202       3       java.lang.ProcessEnvironment$CheckedEntry::getKey (13 bytes)
Event: 2.568 Thread 0x0000025ef702ca20 nmethod 3202 0x0000025edccef210 code [0x0000025edccef3c0, 0x0000025edccef688]
Event: 2.568 Thread 0x0000025ef702ca20 3203       3       java.lang.ProcessEnvironment$EntryComparator::compare (13 bytes)
Event: 2.568 Thread 0x0000025ef702ca20 nmethod 3203 0x0000025edccef790 code [0x0000025edccef980, 0x0000025edccf00e8]
Event: 2.583 Thread 0x0000025ef702d950 nmethod 3009 0x0000025ee3d34910 code [0x0000025ee3d34d00, 0x0000025ee3d39fa0]
Event: 3.673 Thread 0x0000025ef702ca20 3212       3       java.io.BufferedInputStream::fill (203 bytes)
Event: 3.674 Thread 0x0000025ef702ca20 nmethod 3212 0x0000025edccf0290 code [0x0000025edccf0500, 0x0000025edccf1168]
Event: 3.768 Thread 0x0000025ef7028c70 3213       4       org.fusesource.jansi.io.AnsiOutputStream::write (898 bytes)

GC Heap History (4 events):
Event: 0.781 GC heap before
{Heap before GC invocations=0 (full 0):
 garbage-first heap   total 251904K, used 20480K [0x000000070a400000, 0x0000000800000000)
  region size 2048K, 11 young (22528K), 0 survivors (0K)
 Metaspace       used 4793K, committed 4928K, reserved 1114112K
  class space    used 551K, committed 640K, reserved 1048576K
}
Event: 0.786 GC heap after
{Heap after GC invocations=1 (full 0):
 garbage-first heap   total 251904K, used 3671K [0x000000070a400000, 0x0000000800000000)
  region size 2048K, 2 young (4096K), 2 survivors (4096K)
 Metaspace       used 4793K, committed 4928K, reserved 1114112K
  class space    used 551K, committed 640K, reserved 1048576K
}
Event: 1.626 GC heap before
{Heap before GC invocations=1 (full 0):
 garbage-first heap   total 251904K, used 34391K [0x000000070a400000, 0x0000000800000000)
  region size 2048K, 17 young (34816K), 2 survivors (4096K)
 Metaspace       used 9856K, committed 10048K, reserved 1114112K
  class space    used 1189K, committed 1280K, reserved 1048576K
}
Event: 1.632 GC heap after
{Heap after GC invocations=2 (full 0):
 garbage-first heap   total 251904K, used 5638K [0x000000070a400000, 0x0000000800000000)
  region size 2048K, 2 young (4096K), 2 survivors (4096K)
 Metaspace       used 9856K, committed 10048K, reserved 1114112K
  class space    used 1189K, committed 1280K, reserved 1048576K
}

Deoptimization events (20 events):
Event: 2.461 Thread 0x0000025ed47d8380 Uncommon trap: trap_request=0xffffffde fr.pc=0x0000025ee3c9d598 relative=0x0000000000000078
Event: 2.461 Thread 0x0000025ed47d8380 Uncommon trap: reason=class_check action=maybe_recompile pc=0x0000025ee3c9d598 method=com.google.inject.internal.LinkedBindingImpl.acceptTargetVisitor(Lcom/google/inject/spi/BindingTargetVisitor;)Ljava/lang/Object; @ 2 c2
Event: 2.461 Thread 0x0000025ed47d8380 DEOPT PACKING pc=0x0000025ee3c9d598 sp=0x000000780affdde0
Event: 2.461 Thread 0x0000025ed47d8380 DEOPT UNPACKING pc=0x0000025edc1623a3 sp=0x000000780affdd78 mode 2
Event: 2.515 Thread 0x0000025ed47d8380 Uncommon trap: trap_request=0xffffffde fr.pc=0x0000025ee3c9d598 relative=0x0000000000000078
Event: 2.515 Thread 0x0000025ed47d8380 Uncommon trap: reason=class_check action=maybe_recompile pc=0x0000025ee3c9d598 method=com.google.inject.internal.LinkedBindingImpl.acceptTargetVisitor(Lcom/google/inject/spi/BindingTargetVisitor;)Ljava/lang/Object; @ 2 c2
Event: 2.515 Thread 0x0000025ed47d8380 DEOPT PACKING pc=0x0000025ee3c9d598 sp=0x000000780affdde0
Event: 2.515 Thread 0x0000025ed47d8380 DEOPT UNPACKING pc=0x0000025edc1623a3 sp=0x000000780affdd78 mode 2
Event: 2.515 Thread 0x0000025ed47d8380 Uncommon trap: trap_request=0xffffffde fr.pc=0x0000025ee3c9d598 relative=0x0000000000000078
Event: 2.515 Thread 0x0000025ed47d8380 Uncommon trap: reason=class_check action=maybe_recompile pc=0x0000025ee3c9d598 method=com.google.inject.internal.LinkedBindingImpl.acceptTargetVisitor(Lcom/google/inject/spi/BindingTargetVisitor;)Ljava/lang/Object; @ 2 c2
Event: 2.515 Thread 0x0000025ed47d8380 DEOPT PACKING pc=0x0000025ee3c9d598 sp=0x000000780affdde0
Event: 2.515 Thread 0x0000025ed47d8380 DEOPT UNPACKING pc=0x0000025edc1623a3 sp=0x000000780affdd78 mode 2
Event: 2.522 Thread 0x0000025ed47d8380 Uncommon trap: trap_request=0xffffff54 fr.pc=0x0000025ee3d20964 relative=0x00000000000003a4
Event: 2.522 Thread 0x0000025ed47d8380 Uncommon trap: reason=speculate_null_assert action=make_not_entrant pc=0x0000025ee3d20964 method=org.eclipse.sisu.inject.RankedBindings$Itr.hasNext()Z @ 80 c2
Event: 2.522 Thread 0x0000025ed47d8380 DEOPT PACKING pc=0x0000025ee3d20964 sp=0x000000780affe2d0
Event: 2.522 Thread 0x0000025ed47d8380 DEOPT UNPACKING pc=0x0000025edc1623a3 sp=0x000000780affe238 mode 2
Event: 2.539 Thread 0x0000025ed47d8380 DEOPT PACKING pc=0x0000025edc7e1834 sp=0x000000780aff8bf0
Event: 2.539 Thread 0x0000025ed47d8380 DEOPT UNPACKING pc=0x0000025edc162b43 sp=0x000000780aff8028 mode 0
Event: 2.539 Thread 0x0000025ed47d8380 DEOPT PACKING pc=0x0000025edc7e144c sp=0x000000780aff8c60
Event: 2.539 Thread 0x0000025ed47d8380 DEOPT UNPACKING pc=0x0000025edc162b43 sp=0x000000780aff8108 mode 0

Classes loaded (20 events):
Event: 2.577 Loading class java/util/concurrent/SynchronousQueue
Event: 2.577 Loading class java/util/concurrent/SynchronousQueue done
Event: 2.577 Loading class java/util/concurrent/SynchronousQueue$TransferStack
Event: 2.577 Loading class java/util/concurrent/SynchronousQueue$Transferer
Event: 2.577 Loading class java/util/concurrent/SynchronousQueue$Transferer done
Event: 2.577 Loading class java/util/concurrent/SynchronousQueue$TransferStack done
Event: 2.577 Loading class java/util/concurrent/SynchronousQueue$TransferStack$SNode
Event: 2.577 Loading class java/util/concurrent/ForkJoinPool$ManagedBlocker
Event: 2.577 Loading class java/util/concurrent/ForkJoinPool$ManagedBlocker done
Event: 2.577 Loading class java/util/concurrent/SynchronousQueue$TransferStack$SNode done
Event: 2.577 Loading class java/lang/ProcessImpl$2
Event: 2.578 Loading class java/lang/ProcessImpl$2 done
Event: 2.578 Loading class java/lang/Process$PipeInputStream
Event: 2.578 Loading class java/lang/Process$PipeInputStream done
Event: 2.578 Loading class jdk/internal/event/ProcessStartEvent
Event: 2.578 Loading class jdk/internal/event/Event
Event: 2.578 Loading class jdk/internal/event/Event done
Event: 2.578 Loading class jdk/internal/event/ProcessStartEvent done
Event: 2.579 Loading class java/io/PipedOutputStream
Event: 2.579 Loading class java/io/PipedOutputStream done

Classes unloaded (0 events):
No events

Classes redefined (0 events):
No events

Internal exceptions (20 events):
Event: 1.903 Thread 0x0000025ed47d8380 Exception <a 'java/lang/NoSuchMethodError'{0x00000007190226e0}: 'java.lang.Object java.lang.invoke.DirectMethodHandle$Holder.invokeStatic(java.lang.Object, java.lang.Object, java.lang.Object, java.lang.Object, int)'> (0x00000007190226e0) 
thrown [s\open\src\hotspot\share\interpreter\linkResolver.cpp, line 766]
Event: 1.904 Thread 0x0000025ed47d8380 Exception <a 'java/lang/NoSuchMethodError'{0x000000071902e020}: 'void java.lang.invoke.DelegatingMethodHandle$Holder.reinvoke_L(java.lang.Object, java.lang.Object, int)'> (0x000000071902e020) 
thrown [s\open\src\hotspot\share\interpreter\linkResolver.cpp, line 766]
Event: 2.006 Thread 0x0000025ed47d8380 Implicit null exception at 0x0000025ee3cb12a0 to 0x0000025ee3cb1a4c
Event: 2.006 Thread 0x0000025ed47d8380 Implicit null exception at 0x0000025ee3c7166f to 0x0000025ee3c71848
Event: 2.006 Thread 0x0000025ed47d8380 Implicit null exception at 0x0000025ee3c6c58f to 0x0000025ee3c6c609
Event: 2.076 Thread 0x0000025ed47d8380 Implicit null exception at 0x0000025ee3c6f66f to 0x0000025ee3c6f84c
Event: 2.484 Thread 0x0000025ed47d8380 Exception <a 'java/lang/NoClassDefFoundError'{0x0000000716fa24c8}: org/sonatype/aether/artifact/Artifact> (0x0000000716fa24c8) 
thrown [s\open\src\hotspot\share\classfile\systemDictionary.cpp, line 244]
Event: 2.492 Thread 0x0000025ed47d8380 Exception <a 'java/lang/NoClassDefFoundError'{0x0000000716c06dc0}: org/sonatype/aether/artifact/Artifact> (0x0000000716c06dc0) 
thrown [s\open\src\hotspot\share\classfile\systemDictionary.cpp, line 244]
Event: 2.493 Thread 0x0000025ed47d8380 Exception <a 'java/lang/NoClassDefFoundError'{0x0000000716c11f40}: org/sonatype/aether/deployment/DeploymentException> (0x0000000716c11f40) 
thrown [s\open\src\hotspot\share\classfile\systemDictionary.cpp, line 244]
Event: 2.494 Thread 0x0000025ed47d8380 Exception <a 'java/lang/NoClassDefFoundError'{0x0000000716c21ae8}: org/sonatype/aether/artifact/ArtifactType> (0x0000000716c21ae8) 
thrown [s\open\src\hotspot\share\classfile\systemDictionary.cpp, line 244]
Event: 2.500 Thread 0x0000025ed47d8380 Exception <a 'java/lang/NoClassDefFoundError'{0x0000000716c62e20}: org/sonatype/aether/artifact/Artifact> (0x0000000716c62e20) 
thrown [s\open\src\hotspot\share\classfile\systemDictionary.cpp, line 244]
Event: 2.503 Thread 0x0000025ed47d8380 Exception <a 'java/lang/NoClassDefFoundError'{0x0000000716c838e0}: org/sonatype/aether/installation/InstallationException> (0x0000000716c838e0) 
thrown [s\open\src\hotspot\share\classfile\systemDictionary.cpp, line 244]
Event: 2.504 Thread 0x0000025ed47d8380 Exception <a 'java/lang/NoClassDefFoundError'{0x0000000716c8e178}: org/sonatype/aether/resolution/ArtifactDescriptorException> (0x0000000716c8e178) 
thrown [s\open\src\hotspot\share\classfile\systemDictionary.cpp, line 244]
Event: 2.545 Thread 0x0000025ed47d8380 Exception <a 'java/lang/NoSuchMethodError'{0x0000000716a01448}: 'void java.lang.invoke.Invokers$Holder.invokeExact_MT(java.lang.Object, java.lang.Object, int, java.lang.Object)'> (0x0000000716a01448) 
thrown [s\open\src\hotspot\share\interpreter\linkResolver.cpp, line 766]
Event: 2.570 Thread 0x0000025ed47d8380 Exception <a 'java/lang/NoSuchMethodError'{0x0000000716aecc00}: 'void java.lang.invoke.DirectMethodHandle$Holder.invokeStatic(java.lang.Object, long)'> (0x0000000716aecc00) 
thrown [s\open\src\hotspot\share\interpreter\linkResolver.cpp, line 766]
Event: 2.571 Thread 0x0000025ed47d8380 Exception <a 'java/lang/NoSuchMethodError'{0x0000000716af24a0}: 'java.lang.Object java.lang.invoke.DirectMethodHandle$Holder.newInvokeSpecial(java.lang.Object, long)'> (0x0000000716af24a0) 
thrown [s\open\src\hotspot\share\interpreter\linkResolver.cpp, line 766]
Event: 2.572 Thread 0x0000025ed47d8380 Exception <a 'java/lang/NoSuchMethodError'{0x0000000716af6eb0}: 'java.lang.Object java.lang.invoke.DirectMethodHandle$Holder.invokeStaticInit(java.lang.Object)'> (0x0000000716af6eb0) 
thrown [s\open\src\hotspot\share\interpreter\linkResolver.cpp, line 766]
Event: 2.574 Thread 0x0000025ed47d8380 Exception <a 'java/lang/NoSuchMethodError'{0x0000000716b00d20}: 'java.lang.Object java.lang.invoke.DirectMethodHandle$Holder.invokeStaticInit(java.lang.Object, java.lang.Object, long, java.lang.Object)'> (0x0000000716b00d20) 
thrown [s\open\src\hotspot\share\interpreter\linkResolver.cpp, line 766]
Event: 2.576 Thread 0x0000025ed47d8380 Exception <a 'java/lang/NoSuchMethodError'{0x0000000716b073e0}: 'java.lang.Object java.lang.invoke.DirectMethodHandle$Holder.newInvokeSpecial(java.lang.Object, java.lang.Object, long)'> (0x0000000716b073e0) 
thrown [s\open\src\hotspot\share\interpreter\linkResolver.cpp, line 766]
Event: 2.576 Thread 0x0000025ed47d8380 Exception <a 'java/lang/NoSuchMethodError'{0x0000000716b0b6e0}: 'java.lang.Object java.lang.invoke.Invokers$Holder.linkToTargetMethod(java.lang.Object, long, java.lang.Object)'> (0x0000000716b0b6e0) 
thrown [s\open\src\hotspot\share\interpreter\linkResolver.cpp, line 766]

VM Operations (20 events):
Event: 1.734 Executing VM operation: HandshakeAllThreads
Event: 1.734 Executing VM operation: HandshakeAllThreads done
Event: 1.782 Executing VM operation: HandshakeAllThreads
Event: 1.782 Executing VM operation: HandshakeAllThreads done
Event: 1.834 Executing VM operation: HandshakeAllThreads
Event: 1.834 Executing VM operation: HandshakeAllThreads done
Event: 1.835 Executing VM operation: HandshakeAllThreads
Event: 1.835 Executing VM operation: HandshakeAllThreads done
Event: 1.994 Executing VM operation: HandshakeAllThreads
Event: 1.994 Executing VM operation: HandshakeAllThreads done
Event: 2.066 Executing VM operation: ICBufferFull
Event: 2.066 Executing VM operation: ICBufferFull done
Event: 2.364 Executing VM operation: ICBufferFull
Event: 2.365 Executing VM operation: ICBufferFull done
Event: 2.539 Executing VM operation: HandshakeAllThreads
Event: 2.539 Executing VM operation: HandshakeAllThreads done
Event: 2.578 Executing VM operation: HandshakeAllThreads
Event: 2.578 Executing VM operation: HandshakeAllThreads done
Event: 3.592 Executing VM operation: Cleanup
Event: 3.592 Executing VM operation: Cleanup done

Events (20 events):
Event: 0.066 Thread 0x0000025efb4aeba0 Thread added: 0x0000025efb4aeba0
Event: 0.071 Loaded shared library C:\Program Files\Java\jdk-18.0.1.1\bin\net.dll
Event: 0.073 Loaded shared library C:\Program Files\Java\jdk-18.0.1.1\bin\nio.dll
Event: 0.078 Loaded shared library C:\Program Files\Java\jdk-18.0.1.1\bin\zip.dll
Event: 0.205 Loaded shared library C:\Program Files\Java\jdk-18.0.1.1\bin\jimage.dll
Event: 0.215 Loaded shared library C:\Program Files\NetBeans-16\netbeans\java\maven\lib\jansi-native\Windows\x86_64\jansi.dll
Event: 0.228 Loaded shared library C:\Program Files\Java\jdk-18.0.1.1\bin\verify.dll
Event: 0.697 Thread 0x0000025ef702cf30 Thread added: 0x0000025ef702cf30
Event: 0.717 Thread 0x0000025ef702e880 Thread added: 0x0000025ef702e880
Event: 1.278 Thread 0x0000025ef702e880 Thread exited: 0x0000025ef702e880
Event: 1.383 Thread 0x0000025ef702cf30 Thread exited: 0x0000025ef702cf30
Event: 1.669 Thread 0x0000025ef702d950 Thread added: 0x0000025ef702d950
Event: 1.683 Thread 0x0000025ef702b5e0 Thread added: 0x0000025ef702b5e0
Event: 2.580 Thread 0x0000025efc623800 Thread added: 0x0000025efc623800
Event: 2.580 Thread 0x0000025efcd25010 Thread added: 0x0000025efcd25010
Event: 2.580 Thread 0x0000025efc40a700 Thread added: 0x0000025efc40a700
Event: 3.673 Thread 0x0000025ef702b5e0 Thread exited: 0x0000025ef702b5e0
Event: 3.673 Thread 0x0000025ef702d950 Thread exited: 0x0000025ef702d950
Event: 3.771 Thread 0x0000025efcd25010 Thread exited: 0x0000025efcd25010
Event: 3.771 Thread 0x0000025efc623800 Thread exited: 0x0000025efc623800


Dynamic libraries:
0x00007ff645ae0000 - 0x00007ff645af0000 	C:\Program Files\Java\jdk-18.0.1.1\bin\java.exe
0x00007ffdb9490000 - 0x00007ffdb9688000 	C:\WINDOWS\SYSTEM32\ntdll.dll
0x00007ffdb7690000 - 0x00007ffdb774f000 	C:\WINDOWS\System32\KERNEL32.DLL
0x00007ffdb6cf0000 - 0x00007ffdb6fc2000 	C:\WINDOWS\System32\KERNELBASE.dll
0x00007ffdb6b80000 - 0x00007ffdb6c80000 	C:\WINDOWS\System32\ucrtbase.dll
0x00007ffdab770000 - 0x00007ffdab788000 	C:\Program Files\Java\jdk-18.0.1.1\bin\jli.dll
0x00007ffdb75a0000 - 0x00007ffdb764e000 	C:\WINDOWS\System32\ADVAPI32.dll
0x00007ffda3bc0000 - 0x00007ffda3bda000 	C:\Program Files\Java\jdk-18.0.1.1\bin\VCRUNTIME140.dll
0x00007ffdb89d0000 - 0x00007ffdb8a6e000 	C:\WINDOWS\System32\msvcrt.dll
0x00007ffdb93b0000 - 0x00007ffdb944c000 	C:\WINDOWS\System32\sechost.dll
0x00007ffdb88a0000 - 0x00007ffdb89c5000 	C:\WINDOWS\System32\RPCRT4.dll
0x00007ffdb9200000 - 0x00007ffdb93a1000 	C:\WINDOWS\System32\USER32.dll
0x00007ffdb7080000 - 0x00007ffdb70a2000 	C:\WINDOWS\System32\win32u.dll
0x00007ffd9fcc0000 - 0x00007ffd9ff5a000 	C:\WINDOWS\WinSxS\amd64_microsoft.windows.common-controls_6595b64144ccf1df_6.0.19041.1110_none_60b5254171f9507e\COMCTL32.dll
0x00007ffdb91c0000 - 0x00007ffdb91eb000 	C:\WINDOWS\System32\GDI32.dll
0x00007ffdb7140000 - 0x00007ffdb724f000 	C:\WINDOWS\System32\gdi32full.dll
0x00007ffdb7400000 - 0x00007ffdb749d000 	C:\WINDOWS\System32\msvcp_win.dll
0x00007ffdb2460000 - 0x00007ffdb246a000 	C:\WINDOWS\SYSTEM32\VERSION.dll
0x00007ffdb7650000 - 0x00007ffdb7682000 	C:\WINDOWS\System32\IMM32.DLL
0x00007ffdb3a10000 - 0x00007ffdb3a1c000 	C:\Program Files\Java\jdk-18.0.1.1\bin\vcruntime140_1.dll
0x00007ffd90580000 - 0x00007ffd9060d000 	C:\Program Files\Java\jdk-18.0.1.1\bin\msvcp140.dll
0x00007ffd73780000 - 0x00007ffd74390000 	C:\Program Files\Java\jdk-18.0.1.1\bin\server\jvm.dll
0x00007ffdb8230000 - 0x00007ffdb8238000 	C:\WINDOWS\System32\PSAPI.DLL
0x00007ffda1bb0000 - 0x00007ffda1bd7000 	C:\WINDOWS\SYSTEM32\WINMM.dll
0x00007ffd8dcc0000 - 0x00007ffd8dcc9000 	C:\WINDOWS\SYSTEM32\WSOCK32.dll
0x00007ffdb8830000 - 0x00007ffdb889b000 	C:\WINDOWS\System32\WS2_32.dll
0x00007ffdb5420000 - 0x00007ffdb5432000 	C:\WINDOWS\SYSTEM32\kernel.appcore.dll
0x00007ffdb3740000 - 0x00007ffdb374a000 	C:\Program Files\Java\jdk-18.0.1.1\bin\jimage.dll
0x00007ffda1220000 - 0x00007ffda1404000 	C:\WINDOWS\SYSTEM32\DBGHELP.DLL
0x00007ffd99720000 - 0x00007ffd99755000 	C:\WINDOWS\SYSTEM32\dbgcore.DLL
0x00007ffdb70b0000 - 0x00007ffdb7132000 	C:\WINDOWS\System32\bcryptPrimitives.dll
0x00007ffda3b00000 - 0x00007ffda3b25000 	C:\Program Files\Java\jdk-18.0.1.1\bin\java.dll
0x00007ffd77230000 - 0x00007ffd77306000 	C:\Program Files\Java\jdk-18.0.1.1\bin\jsvml.dll
0x00007ffdb8a70000 - 0x00007ffdb91b4000 	C:\WINDOWS\System32\SHELL32.dll
0x00007ffdb4bf0000 - 0x00007ffdb5382000 	C:\WINDOWS\SYSTEM32\windows.storage.dll
0x00007ffdb84d0000 - 0x00007ffdb8825000 	C:\WINDOWS\System32\combase.dll
0x00007ffdb6570000 - 0x00007ffdb65a0000 	C:\WINDOWS\SYSTEM32\Wldp.dll
0x00007ffdb7ed0000 - 0x00007ffdb7f7d000 	C:\WINDOWS\System32\SHCORE.dll
0x00007ffdb7e70000 - 0x00007ffdb7ec5000 	C:\WINDOWS\System32\shlwapi.dll
0x00007ffdb6ac0000 - 0x00007ffdb6adf000 	C:\WINDOWS\SYSTEM32\profapi.dll
0x00007ffda3ae0000 - 0x00007ffda3af3000 	C:\Program Files\Java\jdk-18.0.1.1\bin\net.dll
0x00007ffdb4920000 - 0x00007ffdb4a2c000 	C:\WINDOWS\SYSTEM32\WINHTTP.dll
0x00007ffdb6260000 - 0x00007ffdb62ca000 	C:\WINDOWS\system32\mswsock.dll
0x00007ffda0c40000 - 0x00007ffda0c56000 	C:\Program Files\Java\jdk-18.0.1.1\bin\nio.dll
0x00007ffd98e60000 - 0x00007ffd98e78000 	C:\Program Files\Java\jdk-18.0.1.1\bin\zip.dll
0x0000000069ac0000 - 0x0000000069ae4000 	C:\Program Files\NetBeans-16\netbeans\java\maven\lib\jansi-native\Windows\x86_64\jansi.dll
0x00007ffdb1030000 - 0x00007ffdb1040000 	C:\Program Files\Java\jdk-18.0.1.1\bin\verify.dll

dbghelp: loaded successfully - version: 4.0.5 - missing functions: none
symbol engine: initialized successfully - sym options: 0x614 - pdb path: .;C:\Program Files\Java\jdk-18.0.1.1\bin;C:\WINDOWS\SYSTEM32;C:\WINDOWS\WinSxS\amd64_microsoft.windows.common-controls_6595b64144ccf1df_6.0.19041.1110_none_60b5254171f9507e;C:\Program Files\Java\jdk-18.0.1.1\bin\server;C:\Program Files\NetBeans-16\netbeans\java\maven\lib\jansi-native\Windows\x86_64

VM Arguments:
jvm_args: -Dclassworlds.conf=C:\Program Files\NetBeans-16\netbeans\java\maven\bin\m2.conf -Dmaven.home=C:\Program Files\NetBeans-16\netbeans\java\maven -Dlibrary.jansi.path=C:\Program Files\NetBeans-16\netbeans\java\maven\lib\jansi-native -Dmaven.multiModuleProjectDirectory=C:\Users\LENOVO\OneDrive\Documents\NetBeansProjects\tp_jpa_ass_niang 
java_command: org.codehaus.plexus.classworlds.launcher.Launcher -Dexec.vmArgs= -Dexec.args=${exec.vmArgs} -classpath %classpath ${exec.mainClass} ${exec.appArgs} -Dexec.executable=C:\Program Files\Java\jdk-18.0.1.1\bin\java.exe -Dexec.mainClass=sn.ept.git.dic2.tp_jpa_ass_niang.FindClientsTest -Dexec.classpathScope=runtime -Dexec.appArgs= -Dmaven.ext.class.path=C:\Program Files\NetBeans-16\netbeans\java\maven-nblib\netbeans-eventspy.jar org.codehaus.mojo:exec-maven-plugin:3.0.0:exec
java_class_path (initial): C:\Program Files\NetBeans-16\netbeans\java\maven\boot\plexus-classworlds-2.6.0.jar
Launcher Type: SUN_STANDARD

[Global flags]
     intx CICompilerCount                          = 4                                         {product} {ergonomic}
     uint ConcGCThreads                            = 2                                         {product} {ergonomic}
     uint G1ConcRefinementThreads                  = 8                                         {product} {ergonomic}
   size_t G1HeapRegionSize                         = 2097152                                   {product} {ergonomic}
    uintx GCDrainStackTargetSize                   = 64                                        {product} {ergonomic}
   size_t InitialHeapSize                          = 257949696                                 {product} {ergonomic}
   size_t MarkStackSize                            = 4194304                                   {product} {ergonomic}
   size_t MaxHeapSize                              = 4123000832                                {product} {ergonomic}
   size_t MaxNewSize                               = 2472542208                                {product} {ergonomic}
   size_t MinHeapDeltaBytes                        = 2097152                                   {product} {ergonomic}
   size_t MinHeapSize                              = 8388608                                   {product} {ergonomic}
    uintx NonNMethodCodeHeapSize                   = 5839372                                {pd product} {ergonomic}
    uintx NonProfiledCodeHeapSize                  = 122909434                              {pd product} {ergonomic}
    uintx ProfiledCodeHeapSize                     = 122909434                              {pd product} {ergonomic}
    uintx ReservedCodeCacheSize                    = 251658240                              {pd product} {ergonomic}
     bool SegmentedCodeCache                       = true                                      {product} {ergonomic}
   size_t SoftMaxHeapSize                          = 4123000832                             {manageable} {ergonomic}
     bool UseCompressedClassPointers               = true                           {product lp64_product} {ergonomic}
     bool UseCompressedOops                        = true                           {product lp64_product} {ergonomic}
     bool UseG1GC                                  = true                                      {product} {ergonomic}
     bool UseLargePagesIndividualAllocation        = false                                  {pd product} {ergonomic}

Logging:
Log output configuration:
 #0: stdout all=warning uptime,level,tags foldmultilines=false
 #1: stderr all=off uptime,level,tags foldmultilines=false

Environment Variables:
JAVA_HOME=C:\Program Files\Java\jdk-18.0.1.1
PATH=C:\Users\LENOVO\anaconda3\condabin;C:\Program Files (x86)\VMware\VMware Workstation\bin\;C:\Program Files\Amazon Corretto\jdk17.0.2_8\bin;C:\Program Files\Amazon Corretto\jdk1.8.0_322\bin;C:\WINDOWS\system32;C:\WINDOWS;C:\WINDOWS\System32\Wbem;C:\WINDOWS\System32\WindowsPowerShell\v1.0\;C:\WINDOWS\System32\OpenSSH\;C:\Program Files\Git\cmd;C:\Program Files (x86)\mingw-w64\i686-8.1.0-posix-dwarf-rt_v6-rev0\mingw32\bin;C:\Program Files\nodejs\;C:\ProgramData\chocolatey\bin;C:\Program Files\php-8.1.0;C:\Program Files\Polyspace\R2021a\bin;C:\Program Files\MongoDB\Server\5.0\bin;C:\Program Files\gettext-iconv\bin;C:\Users\LENOVO\OneDrive\Documents\DIC1\0.Agility\OpenClassrooms-Testing\apache-maven-3.8.6-bin\apache-maven-3.8.6\bin;C:\Program Files\Docker\Docker\resources\bin;C:\ProgramData\DockerDesktop\version-bin;C:\Program Files\Common Files\Oracle\Java\javapath;C:\Program Files\MySQL\MySQL Shell 8.0\bin\;C:\Users\LENOVO\AppData\Local\Microsoft\WindowsApps;C:\Users\LENOVO\AppData\Local\Programs\Microsoft VS Code\bin;C:\Users\LENOVO\AppData\Roaming\npm;C:\Users\LENOVO\anaconda3\Scripts;C:\Program Files\MongoDB\mongodb-database-tools-windows-x86_64-100.5.2\mongodb-database-tools-windows-x86_64-100.5.2\bin;C:\git;C:\Program Files\MySQL\MySQL Server 8.0\bin;
USERNAME=LENOVO
OS=Windows_NT
PROCESSOR_IDENTIFIER=Intel64 Family 6 Model 94 Stepping 3, GenuineIntel



---------------  S Y S T E M  ---------------

OS:
 Windows 10 , 64 bit Build 19041 (10.0.19041.2364)
OS uptime: 1 days 5:53 hours

CPU: total 8 (initial active 8) (4 cores per cpu, 2 threads per core) family 6 model 94 stepping 3 microcode 0xcc, cx8, cmov, fxsr, ht, mmx, 3dnowpref, sse, sse2, sse3, ssse3, sse4.1, sse4.2, popcnt, lzcnt, tsc, tscinvbit, avx, avx2, aes, erms, clmul, bmi1, bmi2, rtm, adx, fma, vzeroupper, clflush, clflushopt

Memory: 4k page, system-wide physical 15727M (1996M free)
TotalPageFile size 24716M (AvailPageFile size 364M)
current process WorkingSet (physical memory assigned to process): 124M, peak: 126M
current process commit charge ("private bytes"): 371M, peak: 375M

vm_info: Java HotSpot(TM) 64-Bit Server VM (18.0.1.1+2-6) for windows-amd64 JRE (18.0.1.1+2-6), built on Apr 25 2022 21:53:15 by "mach5one" with MS VC++ 16.8 / 16.9 (VS2019)

END.
